#
# A fatal error has been detected by the Java Runtime Environment:
#
#  SIGSEGV (0xb) at pc=0x00000001050636e3, pid=1947, tid=17155
#
# JRE version: Java(TM) SE Runtime Environment (8.0_73-b02) (build 1.8.0_73-b02)
# Java VM: Java HotSpot(TM) 64-Bit Server VM (25.73-b02 mixed mode bsd-amd64 compressed oops)
# Problematic frame:
# V  [libjvm.dylib+0x2b06e3]  IndexSetIterator::advance_and_next()+0x9f
#
# Failed to write core dump. Core dumps have been disabled. To enable core dumping, try "ulimit -c unlimited" before starting Java again
#
# If you would like to submit a bug report, please visit:
#   http://bugreport.java.com/bugreport/crash.jsp
#

---------------  T H R E A D  ---------------

Current thread (0x00007fee6b800800):  JavaThread "C2 CompilerThread0" daemon [_thread_in_native, id=17155, stack(0x0000700000b3b000,0x0000700000c3b000)]

siginfo: si_signo: 11 (SIGSEGV), si_code: 0 (unknown), si_addr: 0x0000000000000000

Registers:
RAX=0x100000010568d1b0, RBX=0x0000700000c376e0, RCX=0x0000000000000000, RDX=0x0000000000001000
RSP=0x0000700000c376b0, RBP=0x0000700000c376d0, RSI=0x0000000000000007, RDI=0x00007fee6e2eebc0
R8 =0x0000000000000013, R9 =0x00000001055dc008, R10=0x00000000ffffffff, R11=0xffffffff00000000
R12=0x000000010568d1b0, R13=0x0000700000c37938, R14=0x0000000000000010, R15=0x0000000000001000
RIP=0x00000001050636e3, EFLAGS=0x0000000000010293, ERR=0x0000000000000000
  TRAPNO=0x000000000000000d

Top of Stack: (sp=0x0000700000c376b0)
0x0000700000c376b0:   0000700000c378f8 0000700000c37750
0x0000700000c376c0:   0000000000002360 0000700000c376e0
0x0000700000c376d0:   0000700000c37730 000000010505f24c
0x0000700000c376e0:   00000f2f00000000 00007fee00000002
0x0000700000c376f0:   100000010568d1b0 00007fee00000010
0x0000700000c37700:   00007fee6f07a100 0000700000000047
0x0000700000c37710:   00000001205c2c10 0000700000c384f8
0x0000700000c37720:   0000700000c385e0 000000010568d1b0
0x0000700000c37730:   0000700000c37a40 0000000104f135f9
0x0000700000c37740:   0000700000c37770 0000000104e1bccb
0x0000700000c37750:   000000010566f7d0 00007fee0000000c
0x0000700000c37760:   0000700000c39f88 0000700000c384f8
0x0000700000c37770:   0000700000000001 00007fee6de2e2d0
0x0000700000c37780:   0000000000000100 00007fee6c5cedc0
0x0000700000c37790:   0000000900c38628 0000000000000002
0x0000700000c377a0:   00007fee6dc49c78 000000000000e830
0x0000700000c377b0:   0000000000001000 0000000000000000
0x0000700000c377c0:   0000000000000000 0000000104b58a00
0x0000700000c377d0:   ff80000000001000 000000000000ffff
0x0000700000c377e0:   0000700000c378f8 0000000000000000
0x0000700000c377f0:   0000000000000000 0000700000c39f88
0x0000700000c37800:   0000000100000047 000000000000e830
0x0000700000c37810:   000000010566f7d0 00007fff0000000c
0x0000700000c37820:   0000700000c39f88 0000700000c384f8
0x0000700000c37830:   0000000000000000 00007fee6d232710
0x0000700000c37840:   0000700000c37860 00007fff8711f0cc
0x0000700000c37850:   0000000000000000 0000700000c378b0
0x0000700000c37860:   0000700000c378a0 0000000105230ab8
0x0000700000c37870:   0000000000000081 000000000000e830
0x0000700000c37880:   00007fee6abd6600 0000700000c39f88
0x0000700000c37890:   0000000000000000 000000000000e830
0x0000700000c378a0:   0000700000c378f0 0000000104e57a7b 

Instructions: (pc=0x00000001050636e3)
0x00000001050636c3:   e9 56 08 eb ff 44 89 f0 48 8b 4b 20 48 8b 04 c1
0x00000001050636d3:   4c 39 e0 74 2d 48 89 43 10 31 c9 44 89 fa eb 0c
0x00000001050636e3:   83 3c 88 00 75 bb 83 c2 20 48 ff c1 83 f9 08 72
0x00000001050636f3:   ef 48 8b 7b 30 48 85 ff 74 08 44 89 f6 e8 c7 fe 

Register to memory mapping:

RAX=0x100000010568d1b0 is an unknown value
RBX=0x0000700000c376e0 is pointing into the stack for thread: 0x00007fee6b800800
RCX=0x0000000000000000 is an unknown value
RDX=0x0000000000001000 is an unknown value
RSP=0x0000700000c376b0 is pointing into the stack for thread: 0x00007fee6b800800
RBP=0x0000700000c376d0 is pointing into the stack for thread: 0x00007fee6b800800
RSI=0x0000000000000007 is an unknown value
RDI=0x00007fee6e2eebc0 is an unknown value
R8 =0x0000000000000013 is an unknown value
R9 =0x00000001055dc008: _ZL8tc_mutex+0x18 in /Library/Java/JavaVirtualMachines/jdk1.8.0_73.jdk/Contents/Home/jre/lib/server/libjvm.dylib at 0x0000000104db3000
R10=0x00000000ffffffff is an unknown value
R11=0xffffffff00000000 is an unknown value
R12=0x000000010568d1b0: _ZN8IndexSet12_empty_blockE+0 in /Library/Java/JavaVirtualMachines/jdk1.8.0_73.jdk/Contents/Home/jre/lib/server/libjvm.dylib at 0x0000000104db3000
R13=0x0000700000c37938 is pointing into the stack for thread: 0x00007fee6b800800
R14=0x0000000000000010 is an unknown value
R15=0x0000000000001000 is an unknown value


Stack: [0x0000700000b3b000,0x0000700000c3b000],  sp=0x0000700000c376b0,  free space=1009k
Native frames: (J=compiled Java code, j=interpreted, Vv=VM code, C=native code)
V  [libjvm.dylib+0x2b06e3]  IndexSetIterator::advance_and_next()+0x9f
V  [libjvm.dylib+0x2ac24c]  PhaseIFG::SquareUp()+0x5a
V  [libjvm.dylib+0x1605f9]  PhaseChaitin::Register_Allocate()+0x615
V  [libjvm.dylib+0x1ade60]  Compile::Code_Gen()+0x14e
V  [libjvm.dylib+0x1b1cb4]  Compile::Compile(ciEnv*, C2Compiler*, ciMethod*, int, bool, bool, bool)+0x970
V  [libjvm.dylib+0x14f93e]  C2Compiler::compile_method(ciEnv*, ciMethod*, int)+0xac
V  [libjvm.dylib+0x1b529a]  CompileBroker::invoke_compiler_on_method(CompileTask*)+0x5b2
V  [libjvm.dylib+0x1b77e1]  CompileBroker::compiler_thread_loop()+0x291
V  [libjvm.dylib+0x561753]  JavaThread::thread_main_inner()+0x9b
V  [libjvm.dylib+0x562e4e]  JavaThread::run()+0x1c2
V  [libjvm.dylib+0x4838a2]  java_start(Thread*)+0xf6
C  [libsystem_pthread.dylib+0x399d]  _pthread_body+0x83
C  [libsystem_pthread.dylib+0x391a]  _pthread_body+0x0
C  [libsystem_pthread.dylib+0x1351]  thread_start+0xd
C  0x0000000000000000


Current CompileTask:
C2:   6951 1729   !   4       java.net.URLClassLoader$1::run (63 bytes)


---------------  P R O C E S S  ---------------

Java Threads: ( => current thread )
  0x00007fee6b680800 JavaThread "File lock request listener" [_thread_in_native, id=22791, stack(0x000070000165c000,0x000070000175c000)]
  0x00007fee6bb49000 JavaThread "process reaper" daemon [_thread_blocked, id=24323, stack(0x0000700001965000,0x000070000198d000)]
  0x00007fee6c3ac000 JavaThread "Stdin handler" [_thread_blocked, id=23811, stack(0x0000700001862000,0x0000700001962000)]
  0x00007fee6c2f9800 JavaThread "Asynchronous log dispatcher for DefaultDaemonConnection: socket connection from /127.0.0.1:57720 to /127.0.0.1:57721" [_thread_blocked, id=23299, stack(0x000070000175f000,0x000070000185f000)]
  0x00007fee6aab4000 JavaThread "Daemon worker" [_thread_in_vm, id=22275, stack(0x0000700001559000,0x0000700001659000)]
  0x00007fee6bb45000 JavaThread "Cancel handler" [_thread_blocked, id=21763, stack(0x0000700001456000,0x0000700001556000)]
  0x00007fee6aa6f000 JavaThread "Handler for socket connection from /127.0.0.1:57720 to /127.0.0.1:57721" [_thread_in_native, id=21251, stack(0x0000700001353000,0x0000700001453000)]
  0x00007fee6bb43000 JavaThread "Daemon" [_thread_blocked, id=20739, stack(0x0000700001250000,0x0000700001350000)]
  0x00007fee6aa46000 JavaThread "Incoming local TCP Connector on port 57720" [_thread_in_native, id=20227, stack(0x000070000114d000,0x000070000124d000)]
  0x00007fee6c387800 JavaThread "pool-1-thread-1" [_thread_blocked, id=19715, stack(0x000070000104a000,0x000070000114a000)]
  0x00007fee6b03d000 JavaThread "Service Thread" daemon [_thread_blocked, id=18691, stack(0x0000700000e44000,0x0000700000f44000)]
  0x00007fee6b03c800 JavaThread "C1 CompilerThread2" daemon [_thread_blocked, id=18179, stack(0x0000700000d41000,0x0000700000e41000)]
  0x00007fee6b81f800 JavaThread "C2 CompilerThread1" daemon [_thread_in_native, id=17667, stack(0x0000700000c3e000,0x0000700000d3e000)]
=>0x00007fee6b800800 JavaThread "C2 CompilerThread0" daemon [_thread_in_native, id=17155, stack(0x0000700000b3b000,0x0000700000c3b000)]
  0x00007fee6c03e800 JavaThread "Signal Dispatcher" daemon [_thread_blocked, id=12815, stack(0x0000700000a38000,0x0000700000b38000)]
  0x00007fee6b02d000 JavaThread "Finalizer" daemon [_thread_blocked, id=12291, stack(0x000070000082f000,0x000070000092f000)]
  0x00007fee6c000000 JavaThread "Reference Handler" daemon [_thread_blocked, id=11779, stack(0x000070000072c000,0x000070000082c000)]
  0x00007fee6b801800 JavaThread "main" [_thread_blocked, id=4099, stack(0x0000700000084000,0x0000700000184000)]

Other Threads:
  0x00007fee6a813800 VMThread [stack: 0x0000700000629000,0x0000700000729000] [id=11267]
  0x00007fee6b040000 WatcherThread [stack: 0x0000700000f47000,0x0000700001047000] [id=19203]

VM state:not at safepoint (normal execution)

VM Mutex/Monitor currently owned by a thread: None

Heap:
 PSYoungGen      total 138240K, used 93619K [0x00000007a0000000, 0x00000007a8c00000, 0x00000007c0000000)
  eden space 133120K, 70% used [0x00000007a0000000,0x00000007a5b6cc18,0x00000007a8200000)
  from space 5120K, 0% used [0x00000007a8700000,0x00000007a8700000,0x00000007a8c00000)
  to   space 5120K, 0% used [0x00000007a8200000,0x00000007a8200000,0x00000007a8700000)
 ParOldGen       total 52224K, used 8082K [0x0000000760000000, 0x0000000763300000, 0x00000007a0000000)
  object space 52224K, 15% used [0x0000000760000000,0x00000007607e48d0,0x0000000763300000)
 Metaspace       used 26765K, capacity 27184K, committed 27520K, reserved 1073152K
  class space    used 3825K, capacity 3961K, committed 3968K, reserved 1048576K

Card table byte_map: [0x00000001159c0000,0x0000000115cc1000] byte_map_base: 0x0000000111ec0000

Marking Bits: (ParMarkBitMap*) 0x0000000105696ea0
 Begin Bits: [0x0000000115ec1000, 0x00000001176c1000)
 End Bits:   [0x00000001176c1000, 0x0000000118ec1000)

Polling page: 0x0000000105d87000

CodeCache: size=245760Kb used=6972Kb max_used=6972Kb free=238788Kb
 bounds [0x0000000106600000, 0x0000000106ce0000, 0x0000000115600000]
 total_blobs=2607 nmethods=1966 adapters=554
 compilation: enabled

Compilation events (10 events):
Event: 6.832 Thread 0x00007fee6b03c800 1991       2       org.objectweb.asm.FieldWriter::<init> (97 bytes)
Event: 6.833 Thread 0x00007fee6b03c800 nmethod 1991 0x0000000106ccee10 code [0x0000000106ccefc0, 0x0000000106ccf2e8]
Event: 6.833 Thread 0x00007fee6b03c800 1992       2       sun.reflect.generics.reflectiveObjects.WildcardTypeImpl::getLowerBounds (72 bytes)
Event: 6.834 Thread 0x00007fee6b03c800 nmethod 1992 0x0000000106ccf510 code [0x0000000106ccf6a0, 0x0000000106ccfb38]
Event: 6.834 Thread 0x00007fee6b03c800 1994       2       org.objectweb.asm.FieldWriter::a (262 bytes)
Event: 6.836 Thread 0x00007fee6b03c800 nmethod 1994 0x0000000106ccfd90 code [0x0000000106ccffc0, 0x0000000106cd0688]
Event: 6.836 Thread 0x00007fee6b03c800 1993       1       sun.reflect.generics.reflectiveObjects.LazyReflectiveObjectGenerator::getFactory (5 bytes)
Event: 6.836 Thread 0x00007fee6b03c800 nmethod 1993 0x0000000106cd0d90 code [0x0000000106cd0ee0, 0x0000000106cd0ff0]
Event: 6.901 Thread 0x00007fee6b03c800 1995       1       java.util.regex.Pattern::flags (5 bytes)
Event: 6.901 Thread 0x00007fee6b03c800 nmethod 1995 0x0000000106cd1550 code [0x0000000106cd16a0, 0x0000000106cd17b0]

GC Heap History (10 events):
Event: 1.243 GC heap before
{Heap before GC invocations=1 (full 0):
 PSYoungGen      total 38400K, used 33280K [0x00000007a0000000, 0x00000007a2a80000, 0x00000007c0000000)
  eden space 33280K, 100% used [0x00000007a0000000,0x00000007a2080000,0x00000007a2080000)
  from space 5120K, 0% used [0x00000007a2580000,0x00000007a2580000,0x00000007a2a80000)
  to   space 5120K, 0% used [0x00000007a2080000,0x00000007a2080000,0x00000007a2580000)
 ParOldGen       total 87552K, used 0K [0x0000000760000000, 0x0000000765580000, 0x00000007a0000000)
  object space 87552K, 0% used [0x0000000760000000,0x0000000760000000,0x0000000765580000)
 Metaspace       used 6729K, capacity 6900K, committed 7040K, reserved 1056768K
  class space    used 849K, capacity 892K, committed 896K, reserved 1048576K
Event: 1.265 GC heap after
Heap after GC invocations=1 (full 0):
 PSYoungGen      total 38400K, used 4058K [0x00000007a0000000, 0x00000007a4b00000, 0x00000007c0000000)
  eden space 33280K, 0% used [0x00000007a0000000,0x00000007a0000000,0x00000007a2080000)
  from space 5120K, 79% used [0x00000007a2080000,0x00000007a2476838,0x00000007a2580000)
  to   space 5120K, 0% used [0x00000007a4600000,0x00000007a4600000,0x00000007a4b00000)
 ParOldGen       total 87552K, used 8K [0x0000000760000000, 0x0000000765580000, 0x00000007a0000000)
  object space 87552K, 0% used [0x0000000760000000,0x0000000760002000,0x0000000765580000)
 Metaspace       used 6729K, capacity 6900K, committed 7040K, reserved 1056768K
  class space    used 849K, capacity 892K, committed 896K, reserved 1048576K
}
Event: 2.148 GC heap before
{Heap before GC invocations=2 (full 0):
 PSYoungGen      total 38400K, used 37338K [0x00000007a0000000, 0x00000007a4b00000, 0x00000007c0000000)
  eden space 33280K, 100% used [0x00000007a0000000,0x00000007a2080000,0x00000007a2080000)
  from space 5120K, 79% used [0x00000007a2080000,0x00000007a2476838,0x00000007a2580000)
  to   space 5120K, 0% used [0x00000007a4600000,0x00000007a4600000,0x00000007a4b00000)
 ParOldGen       total 87552K, used 8K [0x0000000760000000, 0x0000000765580000, 0x00000007a0000000)
  object space 87552K, 0% used [0x0000000760000000,0x0000000760002000,0x0000000765580000)
 Metaspace       used 12091K, capacity 12416K, committed 12800K, reserved 1060864K
  class space    used 1620K, capacity 1699K, committed 1792K, reserved 1048576K
Event: 2.160 GC heap after
Heap after GC invocations=2 (full 0):
 PSYoungGen      total 71680K, used 5105K [0x00000007a0000000, 0x00000007a4b00000, 0x00000007c0000000)
  eden space 66560K, 0% used [0x00000007a0000000,0x00000007a0000000,0x00000007a4100000)
  from space 5120K, 99% used [0x00000007a4600000,0x00000007a4afc5e0,0x00000007a4b00000)
  to   space 5120K, 0% used [0x00000007a4100000,0x00000007a4100000,0x00000007a4600000)
 ParOldGen       total 87552K, used 534K [0x0000000760000000, 0x0000000765580000, 0x00000007a0000000)
  object space 87552K, 0% used [0x0000000760000000,0x0000000760085890,0x0000000765580000)
 Metaspace       used 12091K, capacity 12416K, committed 12800K, reserved 1060864K
  class space    used 1620K, capacity 1699K, committed 1792K, reserved 1048576K
}
Event: 4.204 GC heap before
{Heap before GC invocations=3 (full 0):
 PSYoungGen      total 71680K, used 71433K [0x00000007a0000000, 0x00000007a4b00000, 0x00000007c0000000)
  eden space 66560K, 99% used [0x00000007a0000000,0x00000007a40c5fb8,0x00000007a4100000)
  from space 5120K, 99% used [0x00000007a4600000,0x00000007a4afc5e0,0x00000007a4b00000)
  to   space 5120K, 0% used [0x00000007a4100000,0x00000007a4100000,0x00000007a4600000)
 ParOldGen       total 87552K, used 534K [0x0000000760000000, 0x0000000765580000, 0x00000007a0000000)
  object space 87552K, 0% used [0x0000000760000000,0x0000000760085890,0x0000000765580000)
 Metaspace       used 20241K, capacity 20636K, committed 20864K, reserved 1067008K
  class space    used 2817K, capacity 2941K, committed 2944K, reserved 1048576K
Event: 4.247 GC heap after
Heap after GC invocations=3 (full 0):
 PSYoungGen      total 71680K, used 5119K [0x00000007a0000000, 0x00000007a8c00000, 0x00000007c0000000)
  eden space 66560K, 0% used [0x00000007a0000000,0x00000007a0000000,0x00000007a4100000)
  from space 5120K, 99% used [0x00000007a4100000,0x00000007a45ffc30,0x00000007a4600000)
  to   space 5120K, 0% used [0x00000007a8700000,0x00000007a8700000,0x00000007a8c00000)
 ParOldGen       total 87552K, used 7295K [0x0000000760000000, 0x0000000765580000, 0x00000007a0000000)
  object space 87552K, 8% used [0x0000000760000000,0x000000076071fd00,0x0000000765580000)
 Metaspace       used 20241K, capacity 20636K, committed 20864K, reserved 1067008K
  class space    used 2817K, capacity 2941K, committed 2944K, reserved 1048576K
}
Event: 4.279 GC heap before
{Heap before GC invocations=4 (full 0):
 PSYoungGen      total 71680K, used 9029K [0x00000007a0000000, 0x00000007a8c00000, 0x00000007c0000000)
  eden space 66560K, 5% used [0x00000007a0000000,0x00000007a03d1890,0x00000007a4100000)
  from space 5120K, 99% used [0x00000007a4100000,0x00000007a45ffc30,0x00000007a4600000)
  to   space 5120K, 0% used [0x00000007a8700000,0x00000007a8700000,0x00000007a8c00000)
 ParOldGen       total 87552K, used 7295K [0x0000000760000000, 0x0000000765580000, 0x00000007a0000000)
  object space 87552K, 8% used [0x0000000760000000,0x000000076071fd00,0x0000000765580000)
 Metaspace       used 20807K, capacity 21148K, committed 21296K, reserved 1067008K
  class space    used 2817K, capacity 2941K, committed 2944K, reserved 1048576K
Event: 4.299 GC heap after
Heap after GC invocations=4 (full 0):
 PSYoungGen      total 138240K, used 5099K [0x00000007a0000000, 0x00000007a8c00000, 0x00000007c0000000)
  eden space 133120K, 0% used [0x00000007a0000000,0x00000007a0000000,0x00000007a8200000)
  from space 5120K, 99% used [0x00000007a8700000,0x00000007a8bfafc0,0x00000007a8c00000)
  to   space 5120K, 0% used [0x00000007a8200000,0x00000007a8200000,0x00000007a8700000)
 ParOldGen       total 87552K, used 8036K [0x0000000760000000, 0x0000000765580000, 0x00000007a0000000)
  object space 87552K, 9% used [0x0000000760000000,0x00000007607d90c0,0x0000000765580000)
 Metaspace       used 20807K, capacity 21148K, committed 21296K, reserved 1067008K
  class space    used 2817K, capacity 2941K, committed 2944K, reserved 1048576K
}
Event: 4.299 GC heap before
{Heap before GC invocations=5 (full 1):
 PSYoungGen      total 138240K, used 5099K [0x00000007a0000000, 0x00000007a8c00000, 0x00000007c0000000)
  eden space 133120K, 0% used [0x00000007a0000000,0x00000007a0000000,0x00000007a8200000)
  from space 5120K, 99% used [0x00000007a8700000,0x00000007a8bfafc0,0x00000007a8c00000)
  to   space 5120K, 0% used [0x00000007a8200000,0x00000007a8200000,0x00000007a8700000)
 ParOldGen       total 87552K, used 8036K [0x0000000760000000, 0x0000000765580000, 0x00000007a0000000)
  object space 87552K, 9% used [0x0000000760000000,0x00000007607d90c0,0x0000000765580000)
 Metaspace       used 20807K, capacity 21148K, committed 21296K, reserved 1067008K
  class space    used 2817K, capacity 2941K, committed 2944K, reserved 1048576K
Event: 4.360 GC heap after
Heap after GC invocations=5 (full 1):
 PSYoungGen      total 138240K, used 0K [0x00000007a0000000, 0x00000007a8c00000, 0x00000007c0000000)
  eden space 133120K, 0% used [0x00000007a0000000,0x00000007a0000000,0x00000007a8200000)
  from space 5120K, 0% used [0x00000007a8700000,0x00000007a8700000,0x00000007a8c00000)
  to   space 5120K, 0% used [0x00000007a8200000,0x00000007a8200000,0x00000007a8700000)
 ParOldGen       total 52224K, used 8082K [0x0000000760000000, 0x0000000763300000, 0x00000007a0000000)
  object space 52224K, 15% used [0x0000000760000000,0x00000007607e48d0,0x0000000763300000)
 Metaspace       used 20807K, capacity 21148K, committed 21296K, reserved 1067008K
  class space    used 2817K, capacity 2941K, committed 2944K, reserved 1048576K
}

Deoptimization events (10 events):
Event: 3.292 Thread 0x00007fee6aab4000 Uncommon trap: reason=class_check action=maybe_recompile pc=0x00000001067ca940 method=sun.misc.URLClassPath.getLoader(I)Lsun/misc/URLClassPath$Loader; @ 94
Event: 3.292 Thread 0x00007fee6aab4000 Uncommon trap: reason=class_check action=maybe_recompile pc=0x00000001068c886c method=sun.misc.URLClassPath.getResource(Ljava/lang/String;Z)Lsun/misc/Resource; @ 62
Event: 3.294 Thread 0x00007fee6aab4000 Uncommon trap: reason=bimorphic action=maybe_recompile pc=0x00000001069f6e60 method=java.lang.ClassLoader.loadClass(Ljava/lang/String;Z)Ljava/lang/Class; @ 38
Event: 3.294 Thread 0x00007fee6aab4000 Uncommon trap: reason=bimorphic action=maybe_recompile pc=0x00000001069f6e60 method=java.lang.ClassLoader.loadClass(Ljava/lang/String;Z)Ljava/lang/Class; @ 38
Event: 4.705 Thread 0x00007fee6aab4000 Uncommon trap: reason=unstable_if action=reinterpret pc=0x00000001069d4278 method=java.util.HashMap.hash(Ljava/lang/Object;)I @ 1
Event: 4.910 Thread 0x00007fee6aab4000 Uncommon trap: reason=unstable_if action=reinterpret pc=0x00000001069d48ac method=java.util.HashMap.getNode(ILjava/lang/Object;)Ljava/util/HashMap$Node; @ 53
Event: 4.910 Thread 0x00007fee6aab4000 Uncommon trap: reason=unstable_if action=reinterpret pc=0x0000000106917fb8 method=java.util.HashMap.hash(Ljava/lang/Object;)I @ 1
Event: 5.276 Thread 0x00007fee6aab4000 Uncommon trap: reason=unstable_if action=reinterpret pc=0x000000010698357c method=java.lang.ref.ReferenceQueue.poll()Ljava/lang/ref/Reference; @ 4
Event: 5.563 Thread 0x00007fee6aab4000 Uncommon trap: reason=unstable_if action=reinterpret pc=0x0000000106863234 method=java.io.UnixFileSystem.resolve(Ljava/lang/String;Ljava/lang/String;)Ljava/lang/String; @ 18
Event: 6.591 Thread 0x00007fee6aab4000 Uncommon trap: reason=unstable_if action=reinterpret pc=0x0000000106760b6c method=java.net.URI.match(CJJ)Z @ 19

Internal exceptions (10 events):
Event: 5.722 Thread 0x00007fee6aab4000 Exception <a 'java/lang/ClassNotFoundException': org/gradle/api/internal/artifacts/repositories/DefaultMavenArtifactRepositoryCustomizer> (0x00000007a2e8d910) thrown at [/HUDSON3/workspace/8-2-build-macosx-x86_64/jdk8u73/6086/hotspot/src/share/vm/classfil
Event: 5.724 Thread 0x00007fee6aab4000 Exception <a 'java/lang/ClassNotFoundException': org/gradle/api/internal/artifacts/repositories/DefaultMavenArtifactRepository_DecoratedCustomizer> (0x00000007a2ed2010) thrown at [/HUDSON3/workspace/8-2-build-macosx-x86_64/jdk8u73/6086/hotspot/src/share/v
Event: 5.971 Thread 0x00007fee6aab4000 Exception <a 'java/lang/ClassNotFoundException': build_4uddkfy1k1o3kkqdizsw3rfftBeanInfo> (0x00000007a3747fd0) thrown at [/HUDSON3/workspace/8-2-build-macosx-x86_64/jdk8u73/6086/hotspot/src/share/vm/classfile/systemDictionary.cpp, line 210]
Event: 5.971 Thread 0x00007fee6aab4000 Exception <a 'java/lang/ClassNotFoundException': org/gradle/api/internal/project/ProjectScriptBeanInfo> (0x00000007a375c0f0) thrown at [/HUDSON3/workspace/8-2-build-macosx-x86_64/jdk8u73/6086/hotspot/src/share/vm/classfile/systemDictionary.cpp, line 210]
Event: 5.972 Thread 0x00007fee6aab4000 Exception <a 'java/lang/ClassNotFoundException': org/gradle/api/internal/project/ProjectScriptCustomizer> (0x00000007a37706f0) thrown at [/HUDSON3/workspace/8-2-build-macosx-x86_64/jdk8u73/6086/hotspot/src/share/vm/classfile/systemDictionary.cpp, line 210
Event: 5.974 Thread 0x00007fee6aab4000 Exception <a 'java/lang/ClassNotFoundException': build_4uddkfy1k1o3kkqdizsw3rfftCustomizer> (0x00000007a3792248) thrown at [/HUDSON3/workspace/8-2-build-macosx-x86_64/jdk8u73/6086/hotspot/src/share/vm/classfile/systemDictionary.cpp, line 210]
Event: 6.446 Thread 0x00007fee6aab4000 Exception <a 'java/lang/ClassNotFoundException': org/gradle/api/internal/artifacts/dsl/dependencies/DefaultDependencyHandler_DecoratedBeanInfo> (0x00000007a450aa38) thrown at [/HUDSON3/workspace/8-2-build-macosx-x86_64/jdk8u73/6086/hotspot/src/share/vm/cl
Event: 6.448 Thread 0x00007fee6aab4000 Exception <a 'java/lang/ClassNotFoundException': org/gradle/api/internal/artifacts/dsl/dependencies/DefaultDependencyHandlerBeanInfo> (0x00000007a453e6f8) thrown at [/HUDSON3/workspace/8-2-build-macosx-x86_64/jdk8u73/6086/hotspot/src/share/vm/classfile/sy
Event: 6.449 Thread 0x00007fee6aab4000 Exception <a 'java/lang/ClassNotFoundException': org/gradle/api/internal/artifacts/dsl/dependencies/DefaultDependencyHandlerCustomizer> (0x00000007a45729b0) thrown at [/HUDSON3/workspace/8-2-build-macosx-x86_64/jdk8u73/6086/hotspot/src/share/vm/classfile/
Event: 6.452 Thread 0x00007fee6aab4000 Exception <a 'java/lang/ClassNotFoundException': org/gradle/api/internal/artifacts/dsl/dependencies/DefaultDependencyHandler_DecoratedCustomizer> (0x00000007a45baea8) thrown at [/HUDSON3/workspace/8-2-build-macosx-x86_64/jdk8u73/6086/hotspot/src/share/vm/

Events (10 events):
Event: 6.905 loading class org/gradle/internal/component/model/ComponentOverrideMetadata
Event: 6.905 loading class org/gradle/internal/component/model/ComponentOverrideMetadata done
Event: 6.906 loading class org/gradle/api/internal/artifacts/ivyservice/ivyresolve/ComponentMetaDataResolveState
Event: 6.906 loading class org/gradle/api/internal/artifacts/ivyservice/ivyresolve/ComponentMetaDataResolveState done
Event: 6.906 loading class org/gradle/internal/resolve/result/BuildableModuleComponentMetaDataResolveResult
Event: 6.906 loading class org/gradle/internal/resolve/result/BuildableModuleComponentMetaDataResolveResult done
Event: 6.907 loading class org/gradle/internal/resolve/result/DefaultBuildableModuleComponentMetaDataResolveResult
Event: 6.907 loading class org/gradle/internal/resolve/result/DefaultBuildableModuleComponentMetaDataResolveResult done
Event: 6.907 loading class org/gradle/internal/resolve/result/BuildableModuleComponentMetaDataResolveResult$State
Event: 6.907 loading class org/gradle/internal/resolve/result/BuildableModuleComponentMetaDataResolveResult$State done


Dynamic libraries:
0x00000000059d3000 	/System/Library/Frameworks/Cocoa.framework/Versions/A/Cocoa
0x00000000059d3000 	/System/Library/Frameworks/Security.framework/Versions/A/Security
0x00000000059d3000 	/System/Library/Frameworks/ApplicationServices.framework/Versions/A/ApplicationServices
0x00000000059d3000 	/usr/lib/libz.1.dylib
0x00000000059d3000 	/usr/lib/libSystem.B.dylib
0x00000000059d3000 	/usr/lib/libobjc.A.dylib
0x00000000059d3000 	/System/Library/Frameworks/CoreFoundation.framework/Versions/A/CoreFoundation
0x00000000059d3000 	/System/Library/Frameworks/Foundation.framework/Versions/C/Foundation
0x00000000059d3000 	/System/Library/Frameworks/AppKit.framework/Versions/C/AppKit
0x00000000059d3000 	/System/Library/Frameworks/CoreData.framework/Versions/A/CoreData
0x00000000059d3000 	/System/Library/PrivateFrameworks/RemoteViewServices.framework/Versions/A/RemoteViewServices
0x00000000059d3000 	/System/Library/PrivateFrameworks/UIFoundation.framework/Versions/A/UIFoundation
0x00000000059d3000 	/usr/lib/libScreenReader.dylib
0x00000000059d3000 	/System/Library/Frameworks/Accelerate.framework/Versions/A/Accelerate
0x00000000059d3000 	/System/Library/Frameworks/IOSurface.framework/Versions/A/IOSurface
0x00000000059d3000 	/System/Library/Frameworks/AudioToolbox.framework/Versions/A/AudioToolbox
0x00000000059d3000 	/System/Library/Frameworks/AudioUnit.framework/Versions/A/AudioUnit
0x00000000059d3000 	/System/Library/PrivateFrameworks/DataDetectorsCore.framework/Versions/A/DataDetectorsCore
0x00000000059d3000 	/System/Library/PrivateFrameworks/DesktopServicesPriv.framework/Versions/A/DesktopServicesPriv
0x00000000059d3000 	/System/Library/Frameworks/Carbon.framework/Versions/A/Frameworks/HIToolbox.framework/Versions/A/HIToolbox
0x00000000059d3000 	/System/Library/Frameworks/QuartzCore.framework/Versions/A/QuartzCore
0x00000000059d3000 	/System/Library/Frameworks/Carbon.framework/Versions/A/Frameworks/SpeechRecognition.framework/Versions/A/SpeechRecognition
0x00000000059d3000 	/usr/lib/libauto.dylib
0x00000000059d3000 	/usr/lib/libicucore.A.dylib
0x00000000059d3000 	/usr/lib/libxml2.2.dylib
0x00000000059d3000 	/System/Library/PrivateFrameworks/CoreUI.framework/Versions/A/CoreUI
0x00000000059d3000 	/System/Library/Frameworks/CoreAudio.framework/Versions/A/CoreAudio
0x00000000059d3000 	/System/Library/Frameworks/DiskArbitration.framework/Versions/A/DiskArbitration
0x00000000059d3000 	/usr/lib/liblangid.dylib
0x00000000059d3000 	/System/Library/PrivateFrameworks/MultitouchSupport.framework/Versions/A/MultitouchSupport
0x00000000059d3000 	/System/Library/Frameworks/IOKit.framework/Versions/A/IOKit
0x00000000059d3000 	/usr/lib/libDiagnosticMessagesClient.dylib
0x00000000059d3000 	/System/Library/Frameworks/CoreServices.framework/Versions/A/CoreServices
0x00000000059d3000 	/System/Library/PrivateFrameworks/PerformanceAnalysis.framework/Versions/A/PerformanceAnalysis
0x00000000059d3000 	/System/Library/PrivateFrameworks/GenerationalStorage.framework/Versions/A/GenerationalStorage
0x00000000059d3000 	/System/Library/Frameworks/OpenGL.framework/Versions/A/OpenGL
0x00000000059d3000 	/System/Library/PrivateFrameworks/Sharing.framework/Versions/A/Sharing
0x00000000059d3000 	/System/Library/Frameworks/CoreGraphics.framework/Versions/A/CoreGraphics
0x00000000059d3000 	/System/Library/Frameworks/CoreImage.framework/Versions/A/CoreImage
0x00000000059d3000 	/System/Library/Frameworks/CoreText.framework/Versions/A/CoreText
0x00000000059d3000 	/System/Library/Frameworks/ImageIO.framework/Versions/A/ImageIO
0x00000000059d3000 	/System/Library/PrivateFrameworks/Backup.framework/Versions/A/Backup
0x00000000059d3000 	/usr/lib/libextension.dylib
0x00000000059d3000 	/usr/lib/libarchive.2.dylib
0x00000000059d3000 	/System/Library/Frameworks/CFNetwork.framework/Versions/A/CFNetwork
0x00000000059d3000 	/System/Library/Frameworks/SystemConfiguration.framework/Versions/A/SystemConfiguration
0x00000000059d3000 	/usr/lib/libCRFSuite.dylib
0x00000000059d3000 	/usr/lib/libc++.1.dylib
0x00000000059d3000 	/usr/lib/libc++abi.dylib
0x00000000059d3000 	/usr/lib/system/libcache.dylib
0x00000000059d3000 	/usr/lib/system/libcommonCrypto.dylib
0x00000000059d3000 	/usr/lib/system/libcompiler_rt.dylib
0x00000000059d3000 	/usr/lib/system/libcopyfile.dylib
0x00000000059d3000 	/usr/lib/system/libcorecrypto.dylib
0x00000000059d3000 	/usr/lib/system/libdispatch.dylib
0x00000000059d3000 	/usr/lib/system/libdyld.dylib
0x00000000059d3000 	/usr/lib/system/libkeymgr.dylib
0x00000000059d3000 	/usr/lib/system/liblaunch.dylib
0x00000000059d3000 	/usr/lib/system/libmacho.dylib
0x00000000059d3000 	/usr/lib/system/libquarantine.dylib
0x00000000059d3000 	/usr/lib/system/libremovefile.dylib
0x00000000059d3000 	/usr/lib/system/libsystem_asl.dylib
0x00000000059d3000 	/usr/lib/system/libsystem_blocks.dylib
0x00000000059d3000 	/usr/lib/system/libsystem_c.dylib
0x00000000059d3000 	/usr/lib/system/libsystem_configuration.dylib
0x00000000059d3000 	/usr/lib/system/libsystem_coreservices.dylib
0x00000000059d3000 	/usr/lib/system/libsystem_coretls.dylib
0x00000000059d3000 	/usr/lib/system/libsystem_dnssd.dylib
0x00000000059d3000 	/usr/lib/system/libsystem_info.dylib
0x00000000059d3000 	/usr/lib/system/libsystem_kernel.dylib
0x00000000059d3000 	/usr/lib/system/libsystem_m.dylib
0x00000000059d3000 	/usr/lib/system/libsystem_malloc.dylib
0x00000000059d3000 	/usr/lib/system/libsystem_network.dylib
0x00000000059d3000 	/usr/lib/system/libsystem_networkextension.dylib
0x00000000059d3000 	/usr/lib/system/libsystem_notify.dylib
0x00000000059d3000 	/usr/lib/system/libsystem_platform.dylib
0x00000000059d3000 	/usr/lib/system/libsystem_pthread.dylib
0x00000000059d3000 	/usr/lib/system/libsystem_sandbox.dylib
0x00000000059d3000 	/usr/lib/system/libsystem_secinit.dylib
0x00000000059d3000 	/usr/lib/system/libsystem_trace.dylib
0x00000000059d3000 	/usr/lib/system/libunc.dylib
0x00000000059d3000 	/usr/lib/system/libunwind.dylib
0x00000000059d3000 	/usr/lib/system/libxpc.dylib
0x00000000059d3000 	/usr/lib/libenergytrace.dylib
0x00000000059d3000 	/usr/lib/libbsm.0.dylib
0x00000000059d3000 	/usr/lib/system/libkxld.dylib
0x00000000059d3000 	/usr/lib/libxar.1.dylib
0x00000000059d3000 	/usr/lib/libsqlite3.dylib
0x00000000059d3000 	/usr/lib/libpam.2.dylib
0x00000000059d3000 	/usr/lib/libOpenScriptingUtil.dylib
0x00000000059d3000 	/usr/lib/libbz2.1.0.dylib
0x00000000059d3000 	/usr/lib/liblzma.5.dylib
0x00000000059d3000 	/System/Library/Frameworks/CoreServices.framework/Versions/A/Frameworks/FSEvents.framework/Versions/A/FSEvents
0x00000000059d3000 	/System/Library/Frameworks/CoreServices.framework/Versions/A/Frameworks/CarbonCore.framework/Versions/A/CarbonCore
0x00000000059d3000 	/System/Library/Frameworks/CoreServices.framework/Versions/A/Frameworks/Metadata.framework/Versions/A/Metadata
0x00000000059d3000 	/System/Library/Frameworks/CoreServices.framework/Versions/A/Frameworks/OSServices.framework/Versions/A/OSServices
0x00000000059d3000 	/System/Library/Frameworks/CoreServices.framework/Versions/A/Frameworks/SearchKit.framework/Versions/A/SearchKit
0x00000000059d3000 	/System/Library/Frameworks/CoreServices.framework/Versions/A/Frameworks/AE.framework/Versions/A/AE
0x00000000059d3000 	/System/Library/Frameworks/CoreServices.framework/Versions/A/Frameworks/LaunchServices.framework/Versions/A/LaunchServices
0x00000000059d3000 	/System/Library/Frameworks/CoreServices.framework/Versions/A/Frameworks/DictionaryServices.framework/Versions/A/DictionaryServices
0x00000000059d3000 	/System/Library/Frameworks/CoreServices.framework/Versions/A/Frameworks/SharedFileList.framework/Versions/A/SharedFileList
0x00000000059d3000 	/System/Library/Frameworks/NetFS.framework/Versions/A/NetFS
0x00000000059d3000 	/System/Library/PrivateFrameworks/NetAuth.framework/Versions/A/NetAuth
0x00000000059d3000 	/System/Library/PrivateFrameworks/login.framework/Versions/A/Frameworks/loginsupport.framework/Versions/A/loginsupport
0x00000000059d3000 	/System/Library/PrivateFrameworks/TCC.framework/Versions/A/TCC
0x00000000059d3000 	/usr/lib/libmecabra.dylib
0x00000000059d3000 	/System/Library/Frameworks/ApplicationServices.framework/Versions/A/Frameworks/ATS.framework/Versions/A/ATS
0x00000000059d3000 	/System/Library/Frameworks/ApplicationServices.framework/Versions/A/Frameworks/ColorSync.framework/Versions/A/ColorSync
0x00000000059d3000 	/System/Library/Frameworks/ApplicationServices.framework/Versions/A/Frameworks/HIServices.framework/Versions/A/HIServices
0x00000000059d3000 	/System/Library/Frameworks/ApplicationServices.framework/Versions/A/Frameworks/LangAnalysis.framework/Versions/A/LangAnalysis
0x00000000059d3000 	/System/Library/Frameworks/ApplicationServices.framework/Versions/A/Frameworks/PrintCore.framework/Versions/A/PrintCore
0x00000000059d3000 	/System/Library/Frameworks/ApplicationServices.framework/Versions/A/Frameworks/QD.framework/Versions/A/QD
0x00000000059d3000 	/System/Library/Frameworks/ApplicationServices.framework/Versions/A/Frameworks/SpeechSynthesis.framework/Versions/A/SpeechSynthesis
0x00000000059d3000 	/System/Library/Frameworks/Metal.framework/Versions/A/Metal
0x00000000059d3000 	/System/Library/Frameworks/Accelerate.framework/Versions/A/Frameworks/vImage.framework/Versions/A/vImage
0x00000000059d3000 	/System/Library/Frameworks/Accelerate.framework/Versions/A/Frameworks/vecLib.framework/Versions/A/vecLib
0x00000000059d3000 	/System/Library/Frameworks/Accelerate.framework/Versions/A/Frameworks/vecLib.framework/Versions/A/libvDSP.dylib
0x00000000059d3000 	/System/Library/Frameworks/Accelerate.framework/Versions/A/Frameworks/vecLib.framework/Versions/A/libvMisc.dylib
0x00000000059d3000 	/System/Library/Frameworks/Accelerate.framework/Versions/A/Frameworks/vecLib.framework/Versions/A/libLAPACK.dylib
0x00000000059d3000 	/System/Library/Frameworks/Accelerate.framework/Versions/A/Frameworks/vecLib.framework/Versions/A/libBLAS.dylib
0x00000000059d3000 	/System/Library/Frameworks/Accelerate.framework/Versions/A/Frameworks/vecLib.framework/Versions/A/libLinearAlgebra.dylib
0x00000000059d3000 	/System/Library/Frameworks/Accelerate.framework/Versions/A/Frameworks/vecLib.framework/Versions/A/libSparseBLAS.dylib
0x00000000059d3000 	/System/Library/PrivateFrameworks/GPUCompiler.framework/libmetal_timestamp.dylib
0x00000000059d3000 	/System/Library/Frameworks/OpenGL.framework/Versions/A/Libraries/libCoreFSCache.dylib
0x00000000059d3000 	/System/Library/PrivateFrameworks/IOAccelerator.framework/Versions/A/IOAccelerator
0x00000000059d3000 	/System/Library/Frameworks/ApplicationServices.framework/Versions/A/Frameworks/ATS.framework/Versions/A/Resources/libFontParser.dylib
0x00000000059d3000 	/System/Library/Frameworks/ApplicationServices.framework/Versions/A/Frameworks/ATS.framework/Versions/A/Resources/libFontRegistry.dylib
0x00000000059d3000 	/System/Library/PrivateFrameworks/AppleVPA.framework/Versions/A/AppleVPA
0x00000000059d3000 	/System/Library/PrivateFrameworks/AppleJPEG.framework/Versions/A/AppleJPEG
0x00000000059d3000 	/System/Library/Frameworks/ImageIO.framework/Versions/A/Resources/libJPEG.dylib
0x00000000059d3000 	/System/Library/Frameworks/ImageIO.framework/Versions/A/Resources/libTIFF.dylib
0x00000000059d3000 	/System/Library/Frameworks/ImageIO.framework/Versions/A/Resources/libPng.dylib
0x00000000059d3000 	/System/Library/Frameworks/ImageIO.framework/Versions/A/Resources/libGIF.dylib
0x00000000059d3000 	/System/Library/Frameworks/ImageIO.framework/Versions/A/Resources/libJP2.dylib
0x00000000059d3000 	/System/Library/Frameworks/ImageIO.framework/Versions/A/Resources/libRadiance.dylib
0x00000000059d3000 	/System/Library/Frameworks/CoreVideo.framework/Versions/A/CoreVideo
0x00000000059d3000 	/System/Library/Frameworks/OpenGL.framework/Versions/A/Libraries/libGLU.dylib
0x00000000059d3000 	/System/Library/Frameworks/OpenGL.framework/Versions/A/Libraries/libGFXShared.dylib
0x00000000059d3000 	/System/Library/Frameworks/OpenGL.framework/Versions/A/Libraries/libGL.dylib
0x00000000059d3000 	/System/Library/Frameworks/OpenGL.framework/Versions/A/Libraries/libGLImage.dylib
0x00000000059d3000 	/System/Library/Frameworks/OpenGL.framework/Versions/A/Libraries/libCVMSPluginSupport.dylib
0x00000000059d3000 	/System/Library/Frameworks/OpenGL.framework/Versions/A/Libraries/libCoreVMClient.dylib
0x00000000059d3000 	/usr/lib/libcups.2.dylib
0x00000000059d3000 	/System/Library/Frameworks/Kerberos.framework/Versions/A/Kerberos
0x00000000059d3000 	/System/Library/Frameworks/GSS.framework/Versions/A/GSS
0x00000000059d3000 	/usr/lib/libresolv.9.dylib
0x00000000059d3000 	/usr/lib/libiconv.2.dylib
0x00000000059d3000 	/System/Library/PrivateFrameworks/Heimdal.framework/Versions/A/Heimdal
0x00000000059d3000 	/usr/lib/libheimdal-asn1.dylib
0x00000000059d3000 	/System/Library/Frameworks/OpenDirectory.framework/Versions/A/OpenDirectory
0x00000000059d3000 	/System/Library/PrivateFrameworks/CommonAuth.framework/Versions/A/CommonAuth
0x00000000059d3000 	/System/Library/Frameworks/OpenDirectory.framework/Versions/A/Frameworks/CFOpenDirectory.framework/Versions/A/CFOpenDirectory
0x00000000059d3000 	/System/Library/Frameworks/SecurityFoundation.framework/Versions/A/SecurityFoundation
0x00000000059d3000 	/System/Library/PrivateFrameworks/LanguageModeling.framework/Versions/A/LanguageModeling
0x00000000059d3000 	/usr/lib/libmarisa.dylib
0x00000000059d3000 	/usr/lib/libChineseTokenizer.dylib
0x00000000059d3000 	/usr/lib/libcmph.dylib
0x00000000059d3000 	/usr/lib/libcompression.dylib
0x00000000059d3000 	/System/Library/Frameworks/ServiceManagement.framework/Versions/A/ServiceManagement
0x00000000059d3000 	/usr/lib/libxslt.1.dylib
0x00000000059d3000 	/System/Library/Frameworks/Carbon.framework/Versions/A/Frameworks/Ink.framework/Versions/A/Ink
0x00000000059d3000 	/usr/lib/libFosl_dynamic.dylib
0x00000000059d3000 	/System/Library/PrivateFrameworks/FaceCore.framework/Versions/A/FaceCore
0x00000000059d3000 	/System/Library/Frameworks/OpenCL.framework/Versions/A/OpenCL
0x00000000059d3000 	/System/Library/PrivateFrameworks/CrashReporterSupport.framework/Versions/A/CrashReporterSupport
0x00000000059d3000 	/System/Library/PrivateFrameworks/IconServices.framework/Versions/A/IconServices
0x00000000059d3000 	/System/Library/PrivateFrameworks/Apple80211.framework/Versions/A/Apple80211
0x00000000059d3000 	/System/Library/Frameworks/CoreWLAN.framework/Versions/A/CoreWLAN
0x00000000059d3000 	/System/Library/Frameworks/IOBluetooth.framework/Versions/A/IOBluetooth
0x00000000059d3000 	/System/Library/PrivateFrameworks/CoreWiFi.framework/Versions/A/CoreWiFi
0x00000000059d3000 	/System/Library/Frameworks/CoreBluetooth.framework/Versions/A/CoreBluetooth
0x00000000059d3000 	/System/Library/PrivateFrameworks/ChunkingLibrary.framework/Versions/A/ChunkingLibrary
0x00000000059d3000 	/System/Library/PrivateFrameworks/DebugSymbols.framework/Versions/A/DebugSymbols
0x00000000059d3000 	/System/Library/PrivateFrameworks/CoreSymbolication.framework/Versions/A/CoreSymbolication
0x00000000059d3000 	/System/Library/PrivateFrameworks/Symbolication.framework/Versions/A/Symbolication
0x00000000059d3000 	/System/Library/PrivateFrameworks/SpeechRecognitionCore.framework/Versions/A/SpeechRecognitionCore
0x0000000104d6f000 	/System/Library/CoreServices/Encodings/libSimplifiedChineseConverter.dylib
0x0000000104db3000 	/Library/Java/JavaVirtualMachines/jdk1.8.0_73.jdk/Contents/Home/jre/lib/server/libjvm.dylib
0x00000000059d3000 	/usr/lib/libstdc++.6.dylib
0x0000000105d40000 	/Library/Java/JavaVirtualMachines/jdk1.8.0_73.jdk/Contents/Home/jre/lib/libverify.dylib
0x0000000105d4e000 	/Library/Java/JavaVirtualMachines/jdk1.8.0_73.jdk/Contents/Home/jre/lib/libjava.dylib
0x0000000105d91000 	/Library/Java/JavaVirtualMachines/jdk1.8.0_73.jdk/Contents/Home/jre/lib/libzip.dylib
0x0000000105de1000 	/System/Library/Frameworks/JavaVM.framework/Frameworks/JavaRuntimeSupport.framework/JavaRuntimeSupport
0x000000011ac67000 	/System/Library/Frameworks/JavaVM.framework/Versions/A/Frameworks/JavaNativeFoundation.framework/Versions/A/JavaNativeFoundation
0x000000011ac7c000 	/System/Library/Frameworks/JavaVM.framework/Versions/A/JavaVM
0x00000000059d3000 	/System/Library/Frameworks/Carbon.framework/Versions/A/Carbon
0x000000011ac89000 	/System/Library/PrivateFrameworks/JavaLaunching.framework/Versions/A/JavaLaunching
0x00000000059d3000 	/System/Library/Frameworks/Carbon.framework/Versions/A/Frameworks/CommonPanels.framework/Versions/A/CommonPanels
0x00000000059d3000 	/System/Library/Frameworks/Carbon.framework/Versions/A/Frameworks/Help.framework/Versions/A/Help
0x00000000059d3000 	/System/Library/Frameworks/Carbon.framework/Versions/A/Frameworks/ImageCapture.framework/Versions/A/ImageCapture
0x00000000059d3000 	/System/Library/Frameworks/Carbon.framework/Versions/A/Frameworks/OpenScripting.framework/Versions/A/OpenScripting
0x00000000059d3000 	/System/Library/Frameworks/Carbon.framework/Versions/A/Frameworks/Print.framework/Versions/A/Print
0x00000000059d3000 	/System/Library/Frameworks/Carbon.framework/Versions/A/Frameworks/SecurityHI.framework/Versions/A/SecurityHI
0x000000011cc91000 	/Library/Java/JavaVirtualMachines/jdk1.8.0_73.jdk/Contents/Home/jre/lib/libnet.dylib
0x000000011ccf0000 	/Library/Java/JavaVirtualMachines/jdk1.8.0_73.jdk/Contents/Home/jre/lib/libnio.dylib
0x000000011cd00000 	/Users/enritami/.gradle/native/23/osx-amd64/libnative-platform.dylib
0x000000011d0f3000 	/Library/Java/JavaVirtualMachines/jdk1.8.0_73.jdk/Contents/Home/jre/lib/libmanagement.dylib

VM Arguments:
jvm_args: -Xmx1536m -Dfile.encoding=UTF-8 -Duser.country=CN -Duser.language=zh -Duser.variant 
java_command: org.gradle.launcher.daemon.bootstrap.GradleDaemon 3.3
java_class_path (initial): /Users/enritami/.gradle/wrapper/dists/gradle-3.3-all/55gk2rcmfc6p2dg9u9ohc3hw9/gradle-3.3/lib/gradle-launcher-3.3.jar
Launcher Type: SUN_STANDARD

Environment Variables:
PATH=/usr/bin:/bin:/usr/sbin:/sbin
SHELL=/bin/bash

Signal Handlers:
SIGSEGV: [libjvm.dylib+0x5a71a5], sa_mask[0]=11111111011111110111111111111111, sa_flags=SA_ONSTACK|SA_RESTART|SA_SIGINFO
SIGBUS: [libjvm.dylib+0x5a71a5], sa_mask[0]=11111111011111110111111111111111, sa_flags=SA_RESTART|SA_SIGINFO
SIGFPE: [libjvm.dylib+0x480eb4], sa_mask[0]=11111111011111110111111111111111, sa_flags=SA_RESTART|SA_SIGINFO
SIGPIPE: [libjvm.dylib+0x480eb4], sa_mask[0]=11111111011111110111111111111111, sa_flags=SA_RESTART|SA_SIGINFO
SIGXFSZ: [libjvm.dylib+0x480eb4], sa_mask[0]=11111111011111110111111111111111, sa_flags=SA_RESTART|SA_SIGINFO
SIGILL: [libjvm.dylib+0x480eb4], sa_mask[0]=11111111011111110111111111111111, sa_flags=SA_RESTART|SA_SIGINFO
SIGUSR1: SIG_DFL, sa_mask[0]=00000000000000000000000000000000, sa_flags=none
SIGUSR2: [libjvm.dylib+0x4809d2], sa_mask[0]=00100000000000000000000000000000, sa_flags=SA_RESTART|SA_SIGINFO
SIGHUP: [libjvm.dylib+0x47efa9], sa_mask[0]=11111111011111110111111111111111, sa_flags=SA_RESTART|SA_SIGINFO
SIGINT: [libjvm.dylib+0x47efa9], sa_mask[0]=11111111011111110111111111111111, sa_flags=SA_RESTART|SA_SIGINFO
SIGTERM: [libjvm.dylib+0x47efa9], sa_mask[0]=11111111011111110111111111111111, sa_flags=SA_RESTART|SA_SIGINFO
SIGQUIT: [libjvm.dylib+0x47efa9], sa_mask[0]=11111111011111110111111111111111, sa_flags=SA_RESTART|SA_SIGINFO


---------------  S Y S T E M  ---------------

OS:Bsduname:Darwin 15.4.0 Darwin Kernel Version 15.4.0: Fri Feb 26 22:08:05 PST 2016; root:xnu-3248.40.184~3/RELEASE_X86_64 x86_64
rlimit: STACK 8192k, CORE 0k, NPROC 709, NOFILE 10240, AS infinity
load average:2.89 2.46 2.43

CPU:total 4 (2 cores per cpu, 2 threads per core) family 6 model 42 stepping 7, cmov, cx8, fxsr, mmx, sse, sse2, sse3, ssse3, sse4.1, sse4.2, popcnt, avx, aes, clmul, ht, tsc, tscinvbit

Memory: 4k page, physical 8388608k(20688k free)

/proc/meminfo:


vm_info: Java HotSpot(TM) 64-Bit Server VM (25.73-b02) for bsd-amd64 JRE (1.8.0_73-b02), built on Jan 29 2016 15:02:00 by "java_re" with gcc 4.2.1 (Based on Apple Inc. build 5658) (LLVM build 2336.11.00)

time: Sun May 14 17:08:35 2017
elapsed time: 6 seconds (0d 0h 0m 6s)

