#
# A fatal error has been detected by the Java Runtime Environment:
#
#  SIGSEGV (0xb) at pc=0x0000000111ec618a, pid=1184, tid=22275
#
# JRE version: Java(TM) SE Runtime Environment (8.0_73-b02) (build 1.8.0_73-b02)
# Java VM: Java HotSpot(TM) 64-Bit Server VM (25.73-b02 mixed mode bsd-amd64 compressed oops)
# Problematic frame:
# J 2517 C1 org.apache.ivy.core.IvyPatternHelper.substituteVariables(Ljava/lang/String;Lorg/apache/ivy/core/settings/IvyVariableContainer;Ljava/util/Stack;)Ljava/lang/String; (213 bytes) @ 0x0000000111ec618a [0x0000000111ec5a00+0x78a]
#
# Failed to write core dump. Core dumps have been disabled. To enable core dumping, try "ulimit -c unlimited" before starting Java again
#
# If you would like to submit a bug report, please visit:
#   http://bugreport.java.com/bugreport/crash.jsp
#

---------------  T H R E A D  ---------------

Current thread (0x00007ff9c3257800):  JavaThread "Daemon worker" [_thread_in_Java, id=22275, stack(0x0000700001559000,0x0000700001659000)]

siginfo: si_signo: 11 (SIGSEGV), si_code: 1 (SEGV_MAPERR), si_addr: 0x00000000ffffffff

Registers:
RAX=0x00000000ffffffff, RBX=0x00000000ffffffff, RCX=0x00000007a2b82268, RDX=0x000000012a17b8dc
RSP=0x00007000016548c0, RBP=0x0000700001654bb0, RSI=0x0000000128e90a88, RDI=0x000000000000000d
R8 =0x0000000000000064, R9 =0x00000007a2b7d9f0, R10=0x00000001106bc180, R11=0x00000000f456fb11
R12=0x0000000000000000, R13=0x0000000111ec6124, R14=0x00007000016548b8, R15=0x00007ff9c3257800
RIP=0x0000000111ec618a, EFLAGS=0x0000000000010202, ERR=0x0000000000000006
  TRAPNO=0x000000000000000e

Top of Stack: (sp=0x00007000016548c0)
0x00007000016548c0:   0000000128e26f48 00007ff9c3257800
0x00007000016548d0:   0000000128e26f48 00007ff9c3257800
0x00007000016548e0:   0000700001654bb0 0000000111debabc
0x00007000016548f0:   00000007a2b28578 0000006a00000002
0x0000700001654900:   000000010000026a 00000007a2b4ba80
0x0000700001654910:   0000000128e26f48 0000000128e26e70
0x0000700001654920:   0000700001654ac8 0000000128e26f48
0x0000700001654930:   0000700001654a20 00000001102c665a
0x0000700001654940:   0000700001654bb0 0000000111e13b1c
0x0000700001654950:   0000700001654bb0 0000000111e0d3fc
0x0000700001654960:   0000000028e69912 00000007a2b82250
0x0000700001654970:   00000007a2b82268 00000007a2b82200
0x0000700001654980:   0000000100000000 0000000000000000
0x0000700001654990:   00000007a2b822c0 00000007a2b82378
0x00007000016549a0:   00000007a2b823c0 00000007a2b7d888
0x00007000016549b0:   0000700001654a18 00000001116079d0
0x00007000016549c0:   00000001116079d0 00000007a2b7f160
0x00007000016549d0:   00000007a2b82180 00007000016549d8
0x00007000016549e0:   0000000128e26e85 0000700001654a38
0x00007000016549f0:   0000000128e2f618 0000000128e6c318
0x0000700001654a00:   0000000128e26f48 0000000000000000
0x0000700001654a10:   0000700001654a40 0000700001654bb0
0x0000700001654a20:   0000000111ecdabc 0000000000000000
0x0000700001654a30:   00000007a2b82218 0000000111796038
0x0000700001654a40:   00000007a2b82200 00000007a2b82138
0x0000700001654a50:   0000002200000010 00000007a2b82180
0x0000700001654a60:   0000000000000000 00000007a2b7ed90
0x0000700001654a70:   0000700001654bb0 0000000111e2603c
0x0000700001654a80:   00000000f456fe33 00000007a2b7ed90
0x0000700001654a90:   00000007a2b78c20 0000000111dfa81e
0x0000700001654aa0:   0000700001654bb0 0000000111dfaa6c
0x0000700001654ab0:   0000700001654db0 0000700001654ab8 

Instructions: (pc=0x0000000111ec618a)
0x0000000111ec616a:   d1 48 be 88 0a e9 28 01 00 00 00 48 83 86 08 04
0x0000000111ec617a:   00 00 01 48 ba c8 b8 17 2a 01 00 00 00 9b b2 dc
0x0000000111ec618a:   00 00 00 83 c6 08 89 b2 dc 00 00 00 48 ba e8 a6
0x0000000111ec619a:   28 24 01 00 00 00 81 e6 f8 ff 7f 00 83 fe 00 0f 

Register to memory mapping:

RAX=0x00000000ffffffff is an unknown value
RBX=0x00000000ffffffff is an unknown value
RCX=0x00000007a2b82268 is an oop
java.util.Stack 
 - klass: 'java/util/Stack'
RDX=0x000000012a17b8dc is pointing into metadata
RSP=0x00007000016548c0 is pointing into the stack for thread: 0x00007ff9c3257800
RBP=0x0000700001654bb0 is pointing into the stack for thread: 0x00007ff9c3257800
RSI=0x0000000128e90a88 is pointing into metadata
RDI=0x000000000000000d is an unknown value
R8 =0x0000000000000064 is an unknown value
R9 =0x00000007a2b7d9f0 is an oop
java.util.HashMap$Node 
 - klass: 'java/util/HashMap$Node'
R10=0x00000001106bc180: _ZN19TemplateInterpreter13_active_tableE+0x1800 in /Library/Java/JavaVirtualMachines/jdk1.8.0_73.jdk/Contents/Home/jre/lib/server/libjvm.dylib at 0x000000010fdcc000
R11=0x00000000f456fb11 is an unknown value
R12=0x0000000000000000 is an unknown value
R13=0x0000000111ec6124 is at entry_point+1828 in (nmethod*)0x0000000111ec54d0
R14=0x00007000016548b8 is pointing into the stack for thread: 0x00007ff9c3257800
R15=0x00007ff9c3257800 is a thread


Stack: [0x0000700001559000,0x0000700001659000],  sp=0x00007000016548c0,  free space=1006k
Native frames: (J=compiled Java code, j=interpreted, Vv=VM code, C=native code)
J 2517 C1 org.apache.ivy.core.IvyPatternHelper.substituteVariables(Ljava/lang/String;Lorg/apache/ivy/core/settings/IvyVariableContainer;Ljava/util/Stack;)Ljava/lang/String; (213 bytes) @ 0x0000000111ec618a [0x0000000111ec5a00+0x78a]
J 2401 C1 org.gradle.api.internal.artifacts.ivyservice.ivyresolve.parser.PomReader.access$300(Lorg/gradle/api/internal/artifacts/ivyservice/ivyresolve/parser/PomReader;Ljava/lang/String;)Ljava/lang/String; (6 bytes) @ 0x0000000111e2603c [0x0000000111e25ca0+0x39c]
j  org.gradle.api.internal.artifacts.ivyservice.ivyresolve.parser.PomReader$PomDependencyMgtElement.getGroupId()Ljava/lang/String;+27
j  org.gradle.api.internal.artifacts.ivyservice.ivyresolve.parser.PomReader$PomDependencyMgtElement.getId()Lorg/gradle/api/internal/artifacts/ivyservice/ivyresolve/parser/data/MavenDependencyKey;+5
j  org.gradle.api.internal.artifacts.ivyservice.ivyresolve.parser.PomReader.resolveDependencyMgt()Ljava/util/Map;+64
j  org.gradle.api.internal.artifacts.ivyservice.ivyresolve.parser.PomReader.getDependencyMgt()Ljava/util/Map;+9
j  org.gradle.api.internal.artifacts.ivyservice.ivyresolve.parser.PomReader.resolveDependencyMgt()Ljava/util/Map;+13
j  org.gradle.api.internal.artifacts.ivyservice.ivyresolve.parser.PomReader.getDependencyMgt()Ljava/util/Map;+9
j  org.gradle.api.internal.artifacts.ivyservice.ivyresolve.parser.PomReader.findDependencyDefaults(Lorg/gradle/api/internal/artifacts/ivyservice/ivyresolve/parser/data/MavenDependencyKey;)Lorg/gradle/api/internal/artifacts/ivyservice/ivyresolve/parser/data/PomDependencyMgt;+1
j  org.gradle.api.internal.artifacts.ivyservice.ivyresolve.parser.GradlePomModuleDescriptorBuilder.findDependencyDefault(Lorg/gradle/api/internal/artifacts/ivyservice/ivyresolve/parser/PomReader$PomDependencyData;)Lorg/gradle/api/internal/artifacts/ivyservice/ivyresolve/parser/data/PomDependencyMgt;+8
j  org.gradle.api.internal.artifacts.ivyservice.ivyresolve.parser.GradlePomModuleDescriptorBuilder.getDefaultScope(Lorg/gradle/api/internal/artifacts/ivyservice/ivyresolve/parser/PomReader$PomDependencyData;)Ljava/lang/String;+2
j  org.gradle.api.internal.artifacts.ivyservice.ivyresolve.parser.GradlePomModuleDescriptorBuilder.addDependency(Lorg/gradle/api/internal/artifacts/ivyservice/ivyresolve/parser/PomReader$PomDependencyData;)V+18
j  org.gradle.api.internal.artifacts.ivyservice.ivyresolve.parser.GradlePomModuleDescriptorParser.doParsePom(Lorg/gradle/api/internal/artifacts/ivyservice/ivyresolve/parser/DescriptorParseContext;Lorg/gradle/api/internal/artifacts/ivyservice/ivyresolve/parser/GradlePomModuleDescriptorBuilder;Lorg/gradle/api/internal/artifacts/ivyservice/ivyresolve/parser/PomReader;)V+373
j  org.gradle.api.internal.artifacts.ivyservice.ivyresolve.parser.GradlePomModuleDescriptorParser.doParseDescriptor(Lorg/gradle/api/internal/artifacts/ivyservice/ivyresolve/parser/DescriptorParseContext;Lorg/gradle/internal/resource/local/LocallyAvailableExternalResource;Z)Lorg/gradle/internal/component/external/model/MutableMavenModuleResolveMetadata;+35
j  org.gradle.api.internal.artifacts.ivyservice.ivyresolve.parser.GradlePomModuleDescriptorParser.doParseDescriptor(Lorg/gradle/api/internal/artifacts/ivyservice/ivyresolve/parser/DescriptorParseContext;Lorg/gradle/internal/resource/local/LocallyAvailableExternalResource;Z)Lorg/gradle/internal/component/external/model/MutableModuleComponentResolveMetadata;+4
j  org.gradle.api.internal.artifacts.ivyservice.ivyresolve.parser.AbstractModuleDescriptorParser.parseDescriptor(Lorg/gradle/api/internal/artifacts/ivyservice/ivyresolve/parser/DescriptorParseContext;Lorg/gradle/internal/resource/local/LocallyAvailableExternalResource;Z)Lorg/gradle/internal/component/external/model/MutableModuleComponentResolveMetadata;+4
j  org.gradle.api.internal.artifacts.ivyservice.ivyresolve.parser.AbstractModuleDescriptorParser.parseMetaData(Lorg/gradle/api/internal/artifacts/ivyservice/ivyresolve/parser/DescriptorParseContext;Lorg/gradle/internal/resource/local/LocallyAvailableExternalResource;)Lorg/gradle/internal/component/external/model/MutableModuleComponentResolveMetadata;+4
j  org.gradle.api.internal.artifacts.repositories.resolver.MavenResolver.parseMetaDataFromResource(Lorg/gradle/api/artifacts/component/ModuleComponentIdentifier;Lorg/gradle/internal/resource/local/LocallyAvailableExternalResource;Lorg/gradle/api/internal/artifacts/ivyservice/ivyresolve/parser/DescriptorParseContext;)Lorg/gradle/internal/component/external/model/MutableMavenModuleResolveMetadata;+6
j  org.gradle.api.internal.artifacts.repositories.resolver.MavenResolver.parseMetaDataFromResource(Lorg/gradle/api/artifacts/component/ModuleComponentIdentifier;Lorg/gradle/internal/resource/local/LocallyAvailableExternalResource;Lorg/gradle/api/internal/artifacts/ivyservice/ivyresolve/parser/DescriptorParseContext;)Lorg/gradle/internal/component/external/model/MutableModuleComponentResolveMetadata;+4
j  org.gradle.api.internal.artifacts.repositories.resolver.ExternalResourceResolver.parseMetaDataFromArtifact(Lorg/gradle/api/artifacts/component/ModuleComponentIdentifier;Lorg/gradle/api/internal/artifacts/repositories/resolver/ExternalResourceArtifactResolver;Lorg/gradle/internal/resolve/result/ResourceAwareResolveResult;)Lorg/gradle/internal/component/external/model/MutableModuleComponentResolveMetadata;+44
j  org.gradle.api.internal.artifacts.repositories.resolver.ExternalResourceResolver.resolveStaticDependency(Lorg/gradle/api/artifacts/component/ModuleComponentIdentifier;Lorg/gradle/internal/component/model/ComponentOverrideMetadata;Lorg/gradle/internal/resolve/result/BuildableModuleComponentMetaDataResolveResult;Lorg/gradle/api/internal/artifacts/repositories/resolver/ExternalResourceArtifactResolver;)V+5
j  org.gradle.api.internal.artifacts.repositories.resolver.MavenResolver.doResolveComponentMetaData(Lorg/gradle/api/artifacts/component/ModuleComponentIdentifier;Lorg/gradle/internal/component/model/ComponentOverrideMetadata;Lorg/gradle/internal/resolve/result/BuildableModuleComponentMetaDataResolveResult;)V+84
j  org.gradle.api.internal.artifacts.repositories.resolver.ExternalResourceResolver$RemoteRepositoryAccess.resolveComponentMetaData(Lorg/gradle/api/artifacts/component/ModuleComponentIdentifier;Lorg/gradle/internal/component/model/ComponentOverrideMetadata;Lorg/gradle/internal/resolve/result/BuildableModuleComponentMetaDataResolveResult;)V+7
j  org.gradle.api.internal.artifacts.ivyservice.ivyresolve.LocalModuleComponentRepository$LocalAccess.resolveComponentMetaData(Lorg/gradle/api/artifacts/component/ModuleComponentIdentifier;Lorg/gradle/internal/component/model/ComponentOverrideMetadata;Lorg/gradle/internal/resolve/result/BuildableModuleComponentMetaDataResolveResult;)V+44
j  org.gradle.api.internal.artifacts.ivyservice.ivyresolve.BaseModuleComponentRepositoryAccess.resolveComponentMetaData(Lorg/gradle/api/artifacts/component/ModuleComponentIdentifier;Lorg/gradle/internal/component/model/ComponentOverrideMetadata;Lorg/gradle/internal/resolve/result/BuildableModuleComponentMetaDataResolveResult;)V+7
j  org.gradle.api.internal.artifacts.ivyservice.ivyresolve.memcache.InMemoryCachedModuleComponentRepository$CachedAccess.resolveComponentMetaData(Lorg/gradle/api/artifacts/component/ModuleComponentIdentifier;Lorg/gradle/internal/component/model/ComponentOverrideMetadata;Lorg/gradle/internal/resolve/result/BuildableModuleComponentMetaDataResolveResult;)V+16
j  org.gradle.api.internal.artifacts.ivyservice.ivyresolve.ErrorHandlingModuleComponentRepository$ErrorHandlingModuleComponentRepositoryAccess.resolveComponentMetaData(Lorg/gradle/api/artifacts/component/ModuleComponentIdentifier;Lorg/gradle/internal/component/model/ComponentOverrideMetadata;Lorg/gradle/internal/resolve/result/BuildableModuleComponentMetaDataResolveResult;)V+7
j  org.gradle.api.internal.artifacts.ivyservice.ivyresolve.ComponentMetaDataResolveState.process(Lorg/gradle/api/internal/artifacts/ivyservice/ivyresolve/ModuleComponentRepositoryAccess;)V+13
j  org.gradle.api.internal.artifacts.ivyservice.ivyresolve.ComponentMetaDataResolveState.resolve()Lorg/gradle/internal/resolve/result/BuildableModuleComponentMetaDataResolveResult;+22
j  org.gradle.api.internal.artifacts.ivyservice.ivyresolve.RepositoryChainComponentMetaDataResolver.findBestMatch(Ljava/util/LinkedList;Ljava/util/Collection;Ljava/util/Collection;)Lorg/gradle/api/internal/artifacts/ivyservice/ivyresolve/RepositoryChainModuleResolution;+21
j  org.gradle.api.internal.artifacts.ivyservice.ivyresolve.RepositoryChainComponentMetaDataResolver.findBestMatch(Ljava/util/List;Ljava/util/Collection;)Lorg/gradle/api/internal/artifacts/ivyservice/ivyresolve/RepositoryChainModuleResolution;+28
j  org.gradle.api.internal.artifacts.ivyservice.ivyresolve.RepositoryChainComponentMetaDataResolver.resolveModule(Lorg/gradle/api/artifacts/component/ModuleComponentIdentifier;Lorg/gradle/internal/component/model/ComponentOverrideMetadata;Lorg/gradle/internal/resolve/result/BuildableComponentResolveResult;)V+97
j  org.gradle.api.internal.artifacts.ivyservice.ivyresolve.RepositoryChainComponentMetaDataResolver.resolve(Lorg/gradle/api/artifacts/component/ComponentIdentifier;Lorg/gradle/internal/component/model/ComponentOverrideMetadata;Lorg/gradle/internal/resolve/result/BuildableComponentResolveResult;)V+24
j  org.gradle.api.internal.artifacts.ivyservice.resolveengine.ComponentResolversChain$ComponentMetaDataResolverChain.resolve(Lorg/gradle/api/artifacts/component/ComponentIdentifier;Lorg/gradle/internal/component/model/ComponentOverrideMetadata;Lorg/gradle/internal/resolve/result/BuildableComponentResolveResult;)V+48
j  org.gradle.api.internal.artifacts.ivyservice.clientmodule.ClientModuleResolver.resolve(Lorg/gradle/api/artifacts/component/ComponentIdentifier;Lorg/gradle/internal/component/model/ComponentOverrideMetadata;Lorg/gradle/internal/resolve/result/BuildableComponentResolveResult;)V+7
j  org.gradle.api.internal.artifacts.ivyservice.resolveengine.graph.DependencyGraphBuilder$ModuleVersionResolveState.resolve()V+92
j  org.gradle.api.internal.artifacts.ivyservice.resolveengine.graph.DependencyGraphBuilder$ModuleVersionResolveState.getMetaData()Lorg/gradle/internal/component/model/ComponentResolveMetadata;+8
j  org.gradle.api.internal.artifacts.ivyservice.resolveengine.graph.DependencyGraphBuilder$DependencyEdge.calculateTargetConfigurations()V+13
j  org.gradle.api.internal.artifacts.ivyservice.resolveengine.graph.DependencyGraphBuilder$DependencyEdge.attachToTargetConfigurations()V+15
j  org.gradle.api.internal.artifacts.ivyservice.resolveengine.graph.DependencyGraphBuilder.traverseGraph(Lorg/gradle/api/internal/artifacts/ivyservice/resolveengine/graph/DependencyGraphBuilder$ResolveState;Lorg/gradle/api/internal/artifacts/ivyservice/resolveengine/graph/conflicts/ConflictHandler;)V+229
j  org.gradle.api.internal.artifacts.ivyservice.resolveengine.graph.DependencyGraphBuilder.resolve(Lorg/gradle/api/internal/artifacts/ResolveContext;Lorg/gradle/api/internal/artifacts/ivyservice/resolveengine/graph/DependencyGraphVisitor;)V+95
j  org.gradle.api.internal.artifacts.ivyservice.resolveengine.DefaultArtifactDependencyResolver.resolve(Lorg/gradle/api/internal/artifacts/ResolveContext;Ljava/util/List;Lorg/gradle/api/internal/artifacts/GlobalDependencyResolutionRules;Lorg/gradle/api/specs/Spec;Lorg/gradle/api/internal/artifacts/ivyservice/resolveengine/graph/DependencyGraphVisitor;Lorg/gradle/api/internal/artifacts/ivyservice/resolveengine/artifact/DependencyArtifactsVisitor;Lorg/gradle/api/attributes/AttributesSchema;)V+103
j  org.gradle.api.internal.artifacts.ivyservice.CacheLockingArtifactDependencyResolver$1.run()V+35
j  org.gradle.internal.Factories$1.create()Ljava/lang/Object;+4
j  org.gradle.cache.internal.DefaultCacheAccess.useCache(Ljava/lang/String;Lorg/gradle/internal/Factory;)Ljava/lang/Object;+78
j  org.gradle.cache.internal.DefaultCacheAccess.useCache(Ljava/lang/String;Ljava/lang/Runnable;)V+6
j  org.gradle.cache.internal.DefaultPersistentDirectoryStore.useCache(Ljava/lang/String;Ljava/lang/Runnable;)V+6
j  org.gradle.cache.internal.DefaultCacheFactory$ReferenceTrackingCache.useCache(Ljava/lang/String;Ljava/lang/Runnable;)V+9
j  org.gradle.api.internal.artifacts.ivyservice.DefaultCacheLockingManager.useCache(Ljava/lang/String;Ljava/lang/Runnable;)V+6
j  org.gradle.api.internal.artifacts.ivyservice.CacheLockingArtifactDependencyResolver.resolve(Lorg/gradle/api/internal/artifacts/ResolveContext;Ljava/util/List;Lorg/gradle/api/internal/artifacts/GlobalDependencyResolutionRules;Lorg/gradle/api/specs/Spec;Lorg/gradle/api/internal/artifacts/ivyservice/resolveengine/graph/DependencyGraphVisitor;Lorg/gradle/api/internal/artifacts/ivyservice/resolveengine/artifact/DependencyArtifactsVisitor;Lorg/gradle/api/attributes/AttributesSchema;)V+42
j  org.gradle.api.internal.artifacts.ivyservice.DefaultConfigurationResolver.resolveGraph(Lorg/gradle/api/internal/artifacts/configurations/ConfigurationInternal;Lorg/gradle/api/internal/artifacts/ResolverResults;)V+215
j  org.gradle.api.internal.artifacts.ivyservice.ShortCircuitEmptyConfigurationResolver.resolveGraph(Lorg/gradle/api/internal/artifacts/configurations/ConfigurationInternal;Lorg/gradle/api/internal/artifacts/ResolverResults;)V+29
j  org.gradle.api.internal.artifacts.ivyservice.ErrorHandlingConfigurationResolver.resolveGraph(Lorg/gradle/api/internal/artifacts/configurations/ConfigurationInternal;Lorg/gradle/api/internal/artifacts/ResolverResults;)V+6
j  org.gradle.api.internal.artifacts.configurations.DefaultConfiguration$3.execute(Lorg/gradle/internal/operations/BuildOperationContext;)V+49
j  org.gradle.api.internal.artifacts.configurations.DefaultConfiguration$3.execute(Ljava/lang/Object;)V+5
j  org.gradle.internal.Transformers$4.transform(Ljava/lang/Object;)Ljava/lang/Object;+5
j  org.gradle.internal.progress.DefaultBuildOperationExecutor.run(Lorg/gradle/internal/progress/BuildOperationDetails;Lorg/gradle/api/Transformer;)Ljava/lang/Object;+276
j  org.gradle.internal.progress.DefaultBuildOperationExecutor.run(Ljava/lang/String;Lorg/gradle/api/Action;)V+12
j  org.gradle.api.internal.artifacts.configurations.DefaultConfiguration.resolveGraphIfRequired(Lorg/gradle/api/internal/artifacts/configurations/ConfigurationInternal$InternalState;)V+139
j  org.gradle.api.internal.artifacts.configurations.DefaultConfiguration.resolveToStateOrLater(Lorg/gradle/api/internal/artifacts/configurations/ConfigurationInternal$InternalState;)V+27
j  org.gradle.api.internal.artifacts.configurations.DefaultConfiguration.doGetFiles(Lorg/gradle/api/specs/Spec;Lorg/gradle/api/internal/attributes/AttributeContainerInternal;)Ljava/util/Set;+11
j  org.gradle.api.internal.artifacts.configurations.DefaultConfiguration.getFiles()Ljava/util/Set;+8
j  org.gradle.api.internal.artifacts.configurations.DefaultConfiguration_Decorated.getFiles()Ljava/util/Set;+8
j  org.gradle.api.internal.initialization.DefaultScriptHandler.getScriptClassPath()Lorg/gradle/internal/classpath/ClassPath;+27
j  org.gradle.plugin.use.internal.DefaultPluginRequestApplicator.defineScriptHandlerClassScope(Lorg/gradle/api/internal/initialization/ScriptHandlerInternal;Lorg/gradle/api/internal/initialization/ClassLoaderScope;Ljava/lang/Iterable;)V+1
j  org.gradle.plugin.use.internal.DefaultPluginRequestApplicator.applyPlugins(Lorg/gradle/plugin/use/internal/PluginRequests;Lorg/gradle/api/internal/initialization/ScriptHandlerInternal;Lorg/gradle/api/internal/plugins/PluginManagerInternal;Lorg/gradle/api/internal/initialization/ClassLoaderScope;)V+16
j  org.gradle.configuration.DefaultScriptPluginFactory$ScriptPluginImpl.apply(Ljava/lang/Object;)V+361
j  org.gradle.configuration.project.BuildScriptProcessor.execute(Lorg/gradle/api/internal/project/ProjectInternal;)V+63
j  org.gradle.configuration.project.BuildScriptProcessor.execute(Ljava/lang/Object;)V+5
j  org.gradle.configuration.project.ConfigureActionsProjectEvaluator.evaluate(Lorg/gradle/api/internal/project/ProjectInternal;Lorg/gradle/api/internal/project/ProjectStateInternal;)V+33
j  org.gradle.configuration.project.LifecycleProjectEvaluator.doConfigure(Lorg/gradle/api/internal/project/ProjectInternal;Lorg/gradle/api/internal/project/ProjectStateInternal;)V+39
j  org.gradle.configuration.project.LifecycleProjectEvaluator.access$000(Lorg/gradle/configuration/project/LifecycleProjectEvaluator;Lorg/gradle/api/internal/project/ProjectInternal;Lorg/gradle/api/internal/project/ProjectStateInternal;)V+3
j  org.gradle.configuration.project.LifecycleProjectEvaluator$1.execute(Lorg/gradle/internal/operations/BuildOperationContext;)V+12
j  org.gradle.configuration.project.LifecycleProjectEvaluator$1.execute(Ljava/lang/Object;)V+5
j  org.gradle.internal.Transformers$4.transform(Ljava/lang/Object;)Ljava/lang/Object;+5
j  org.gradle.internal.progress.DefaultBuildOperationExecutor.run(Lorg/gradle/internal/progress/BuildOperationDetails;Lorg/gradle/api/Transformer;)Ljava/lang/Object;+276
j  org.gradle.internal.progress.DefaultBuildOperationExecutor.run(Lorg/gradle/internal/progress/BuildOperationDetails;Lorg/gradle/api/Action;)V+6
j  org.gradle.configuration.project.LifecycleProjectEvaluator.evaluate(Lorg/gradle/api/internal/project/ProjectInternal;Lorg/gradle/api/internal/project/ProjectStateInternal;)V+89
j  org.gradle.api.internal.project.DefaultProject.evaluate()Lorg/gradle/api/internal/project/DefaultProject;+9
j  org.gradle.api.internal.project.DefaultProject.evaluate()Lorg/gradle/api/Project;+1
j  org.gradle.execution.TaskPathProjectEvaluator.configure(Lorg/gradle/api/internal/project/ProjectInternal;)V+21
j  org.gradle.execution.TaskPathProjectEvaluator.configureHierarchy(Lorg/gradle/api/internal/project/ProjectInternal;)V+2
j  org.gradle.configuration.DefaultBuildConfigurer.configure(Lorg/gradle/api/internal/GradleInternal;)V+45
j  org.gradle.initialization.DefaultGradleLauncher$1.execute(Lorg/gradle/internal/operations/BuildOperationContext;)V+14
j  org.gradle.initialization.DefaultGradleLauncher$1.execute(Ljava/lang/Object;)V+5
j  org.gradle.internal.Transformers$4.transform(Ljava/lang/Object;)Ljava/lang/Object;+5
j  org.gradle.internal.progress.DefaultBuildOperationExecutor.run(Lorg/gradle/internal/progress/BuildOperationDetails;Lorg/gradle/api/Transformer;)Ljava/lang/Object;+276
j  org.gradle.internal.progress.DefaultBuildOperationExecutor.run(Ljava/lang/String;Lorg/gradle/api/Action;)V+12
j  org.gradle.initialization.DefaultGradleLauncher.doBuildStages(Lorg/gradle/initialization/DefaultGradleLauncher$Stage;)V+94
j  org.gradle.initialization.DefaultGradleLauncher.doBuild(Lorg/gradle/initialization/DefaultGradleLauncher$Stage;)Lorg/gradle/BuildResult;+17
j  org.gradle.initialization.DefaultGradleLauncher.getBuildAnalysis()Lorg/gradle/BuildResult;+4
j  org.gradle.launcher.exec.GradleBuildController.configure()Lorg/gradle/api/internal/GradleInternal;+4
j  org.gradle.tooling.internal.provider.runner.ClientProvidedBuildActionRunner.run(Lorg/gradle/internal/invocation/BuildAction;Lorg/gradle/internal/invocation/BuildController;)V+62
j  org.gradle.launcher.exec.ChainingBuildActionRunner.run(Lorg/gradle/internal/invocation/BuildAction;Lorg/gradle/internal/invocation/BuildController;)V+34
j  org.gradle.tooling.internal.provider.runner.RunAsBuildOperationBuildActionRunner$1.execute(Lorg/gradle/internal/operations/BuildOperationContext;)V+15
j  org.gradle.tooling.internal.provider.runner.RunAsBuildOperationBuildActionRunner$1.execute(Ljava/lang/Object;)V+5
j  org.gradle.internal.Transformers$4.transform(Ljava/lang/Object;)Ljava/lang/Object;+5
j  org.gradle.internal.progress.DefaultBuildOperationExecutor.run(Lorg/gradle/internal/progress/BuildOperationDetails;Lorg/gradle/api/Transformer;)Ljava/lang/Object;+276
j  org.gradle.internal.progress.DefaultBuildOperationExecutor.run(Ljava/lang/String;Lorg/gradle/api/Action;)V+12
j  org.gradle.tooling.internal.provider.runner.RunAsBuildOperationBuildActionRunner.run(Lorg/gradle/internal/invocation/BuildAction;Lorg/gradle/internal/invocation/BuildController;)V+16
...<more frames>...


---------------  P R O C E S S  ---------------

Java Threads: ( => current thread )
  0x00007ff9c3bc0000 JavaThread "File lock request listener" [_thread_in_native, id=23815, stack(0x0000700001862000,0x0000700001962000)]
  0x00007ff9c406b800 JavaThread "process reaper" daemon [_thread_blocked, id=24323, stack(0x0000700001965000,0x000070000198d000)]
  0x00007ff9c3b46000 JavaThread "Stdin handler" [_thread_blocked, id=23299, stack(0x000070000175f000,0x000070000185f000)]
  0x00007ff9c3250800 JavaThread "Asynchronous log dispatcher for DefaultDaemonConnection: socket connection from /127.0.0.1:55856 to /127.0.0.1:55857" [_thread_blocked, id=22787, stack(0x000070000165c000,0x000070000175c000)]
=>0x00007ff9c3257800 JavaThread "Daemon worker" [_thread_in_Java, id=22275, stack(0x0000700001559000,0x0000700001659000)]
  0x00007ff9c29af800 JavaThread "Cancel handler" [_thread_blocked, id=21763, stack(0x0000700001456000,0x0000700001556000)]
  0x00007ff9c29c5800 JavaThread "Handler for socket connection from /127.0.0.1:55856 to /127.0.0.1:55857" [_thread_in_native, id=21251, stack(0x0000700001353000,0x0000700001453000)]
  0x00007ff9c324d800 JavaThread "Daemon" [_thread_blocked, id=20739, stack(0x0000700001250000,0x0000700001350000)]
  0x00007ff9c4387800 JavaThread "Incoming local TCP Connector on port 55856" [_thread_in_native, id=20227, stack(0x000070000114d000,0x000070000124d000)]
  0x00007ff9c31bd000 JavaThread "pool-1-thread-1" [_thread_blocked, id=19715, stack(0x000070000104a000,0x000070000114a000)]
  0x00007ff9c3832000 JavaThread "Service Thread" daemon [_thread_blocked, id=18691, stack(0x0000700000e44000,0x0000700000f44000)]
  0x00007ff9c4032800 JavaThread "C1 CompilerThread2" daemon [_thread_blocked, id=18179, stack(0x0000700000d41000,0x0000700000e41000)]
  0x00007ff9c3831800 JavaThread "C2 CompilerThread1" daemon [_thread_in_native, id=17667, stack(0x0000700000c3e000,0x0000700000d3e000)]
  0x00007ff9c2809800 JavaThread "C2 CompilerThread0" daemon [_thread_in_native, id=17155, stack(0x0000700000b3b000,0x0000700000c3b000)]
  0x00007ff9c4034000 JavaThread "Signal Dispatcher" daemon [_thread_blocked, id=12815, stack(0x0000700000a38000,0x0000700000b38000)]
  0x00007ff9c4004000 JavaThread "Finalizer" daemon [_thread_blocked, id=12291, stack(0x000070000082f000,0x000070000092f000)]
  0x00007ff9c381a800 JavaThread "Reference Handler" daemon [_thread_blocked, id=11779, stack(0x000070000072c000,0x000070000082c000)]
  0x00007ff9c3800800 JavaThread "main" [_thread_blocked, id=5891, stack(0x000070000011a000,0x000070000021a000)]

Other Threads:
  0x00007ff9c3818000 VMThread [stack: 0x0000700000629000,0x0000700000729000] [id=11267]
  0x00007ff9c301f000 WatcherThread [stack: 0x0000700000f47000,0x0000700001047000] [id=19203]

VM state:not at safepoint (normal execution)

VM Mutex/Monitor currently owned by a thread: None

Heap:
 PSYoungGen      total 130560K, used 52134K [0x00000007a0000000, 0x00000007a9280000, 0x00000007c0000000)
  eden space 123392K, 36% used [0x00000007a0000000,0x00000007a2bf7b90,0x00000007a7880000)
  from space 7168K, 99% used [0x00000007a8b80000,0x00000007a9271ca8,0x00000007a9280000)
  to   space 9728K, 0% used [0x00000007a7f80000,0x00000007a7f80000,0x00000007a8900000)
 ParOldGen       total 49152K, used 7688K [0x0000000760000000, 0x0000000763000000, 0x00000007a0000000)
  object space 49152K, 15% used [0x0000000760000000,0x00000007607821d8,0x0000000763000000)
 Metaspace       used 29447K, capacity 30016K, committed 30208K, reserved 1075200K
  class space    used 4154K, capacity 4318K, committed 4352K, reserved 1048576K

Card table byte_map: [0x00000001209c0000,0x0000000120cc1000] byte_map_base: 0x000000011cec0000

Marking Bits: (ParMarkBitMap*) 0x00000001106afea0
 Begin Bits: [0x0000000120ec1000, 0x00000001226c1000)
 End Bits:   [0x00000001226c1000, 0x0000000123ec1000)

Polling page: 0x0000000110da0000

CodeCache: size=245760Kb used=9041Kb max_used=9055Kb free=236719Kb
 bounds [0x0000000111600000, 0x0000000111ee0000, 0x0000000120600000]
 total_blobs=3142 nmethods=2490 adapters=565
 compilation: enabled

Compilation events (10 events):
Event: 13.133 Thread 0x00007ff9c3831800 2543       4       java.net.URI::match (56 bytes)
Event: 13.133 Thread 0x00007ff9c4032800 2547       3       com.sun.org.apache.xerces.internal.impl.XMLEntityScanner::invokeListeners (39 bytes)
Event: 13.135 Thread 0x00007ff9c4032800 nmethod 2547 0x0000000111ed7c90 code [0x0000000111ed7e60, 0x0000000111ed88f8]
Event: 13.136 Thread 0x00007ff9c3831800 nmethod 2543 0x0000000111ed64d0 code [0x0000000111ed6620, 0x0000000111ed66d8]
Event: 13.137 Thread 0x00007ff9c3831800 2538       4       com.sun.org.apache.xerces.internal.impl.dtd.XMLDTDValidator::characters (255 bytes)
Event: 13.140 Thread 0x00007ff9c2809800 nmethod 2498 0x0000000111ed71d0 code [0x0000000111ed7360, 0x0000000111ed78d8]
Event: 13.140 Thread 0x00007ff9c2809800 2537       4       com.sun.org.apache.xerces.internal.util.SymbolTable::hash (53 bytes)
Event: 13.142 Thread 0x00007ff9c3831800 nmethod 2538 0x0000000111ed5f50 code [0x0000000111ed60c0, 0x0000000111ed62c8]
Event: 13.143 Thread 0x00007ff9c3831800 2550   !   4       com.sun.org.apache.xerces.internal.impl.XMLDocumentFragmentScannerImpl$FragmentContentDriver::next (2323 bytes)
Event: 13.144 Thread 0x00007ff9c4032800 2551       3       com.sun.org.apache.xerces.internal.dom.ParentNode::nodeListGetLength (130 bytes)

GC Heap History (10 events):
Event: 3.561 GC heap before
{Heap before GC invocations=3 (full 0):
 PSYoungGen      total 38400K, used 38388K [0x00000007a0000000, 0x00000007a4b00000, 0x00000007c0000000)
  eden space 33280K, 100% used [0x00000007a0000000,0x00000007a2080000,0x00000007a2080000)
  from space 5120K, 99% used [0x00000007a2580000,0x00000007a2a7d140,0x00000007a2a80000)
  to   space 5120K, 0% used [0x00000007a2080000,0x00000007a2080000,0x00000007a2580000)
 ParOldGen       total 87552K, used 526K [0x0000000760000000, 0x0000000765580000, 0x00000007a0000000)
  object space 87552K, 0% used [0x0000000760000000,0x0000000760083890,0x0000000765580000)
 Metaspace       used 15311K, capacity 15702K, committed 15872K, reserved 1062912K
  class space    used 2171K, capacity 2298K, committed 2304K, reserved 1048576K
Event: 3.587 GC heap after
Heap after GC invocations=3 (full 0):
 PSYoungGen      total 38400K, used 5095K [0x00000007a0000000, 0x00000007a4b00000, 0x00000007c0000000)
  eden space 33280K, 0% used [0x00000007a0000000,0x00000007a0000000,0x00000007a2080000)
  from space 5120K, 99% used [0x00000007a2080000,0x00000007a2579ee8,0x00000007a2580000)
  to   space 5120K, 0% used [0x00000007a4600000,0x00000007a4600000,0x00000007a4b00000)
 ParOldGen       total 87552K, used 2406K [0x0000000760000000, 0x0000000765580000, 0x00000007a0000000)
  object space 87552K, 2% used [0x0000000760000000,0x0000000760259930,0x0000000765580000)
 Metaspace       used 15311K, capacity 15702K, committed 15872K, reserved 1062912K
  class space    used 2171K, capacity 2298K, committed 2304K, reserved 1048576K
}
Event: 7.880 GC heap before
{Heap before GC invocations=4 (full 0):
 PSYoungGen      total 38400K, used 38375K [0x00000007a0000000, 0x00000007a4b00000, 0x00000007c0000000)
  eden space 33280K, 100% used [0x00000007a0000000,0x00000007a2080000,0x00000007a2080000)
  from space 5120K, 99% used [0x00000007a2080000,0x00000007a2579ee8,0x00000007a2580000)
  to   space 5120K, 0% used [0x00000007a4600000,0x00000007a4600000,0x00000007a4b00000)
 ParOldGen       total 87552K, used 2406K [0x0000000760000000, 0x0000000765580000, 0x00000007a0000000)
  object space 87552K, 2% used [0x0000000760000000,0x0000000760259930,0x0000000765580000)
 Metaspace       used 20459K, capacity 20958K, committed 21248K, reserved 1067008K
  class space    used 2851K, capacity 3020K, committed 3072K, reserved 1048576K
Event: 7.910 GC heap after
Heap after GC invocations=4 (full 0):
 PSYoungGen      total 71680K, used 5088K [0x00000007a0000000, 0x00000007a4b00000, 0x00000007c0000000)
  eden space 66560K, 0% used [0x00000007a0000000,0x00000007a0000000,0x00000007a4100000)
  from space 5120K, 99% used [0x00000007a4600000,0x00000007a4af8020,0x00000007a4b00000)
  to   space 5120K, 0% used [0x00000007a4100000,0x00000007a4100000,0x00000007a4600000)
 ParOldGen       total 87552K, used 6432K [0x0000000760000000, 0x0000000765580000, 0x00000007a0000000)
  object space 87552K, 7% used [0x0000000760000000,0x00000007606481c0,0x0000000765580000)
 Metaspace       used 20459K, capacity 20958K, committed 21248K, reserved 1067008K
  class space    used 2851K, capacity 3020K, committed 3072K, reserved 1048576K
}
Event: 7.980 GC heap before
{Heap before GC invocations=5 (full 0):
 PSYoungGen      total 71680K, used 9333K [0x00000007a0000000, 0x00000007a4b00000, 0x00000007c0000000)
  eden space 66560K, 6% used [0x00000007a0000000,0x00000007a0425578,0x00000007a4100000)
  from space 5120K, 99% used [0x00000007a4600000,0x00000007a4af8020,0x00000007a4b00000)
  to   space 5120K, 0% used [0x00000007a4100000,0x00000007a4100000,0x00000007a4600000)
 ParOldGen       total 87552K, used 6432K [0x0000000760000000, 0x0000000765580000, 0x00000007a0000000)
  object space 87552K, 7% used [0x0000000760000000,0x00000007606481c0,0x0000000765580000)
 Metaspace       used 20724K, capacity 21150K, committed 21248K, reserved 1067008K
  class space    used 2855K, capacity 3020K, committed 3072K, reserved 1048576K
Event: 8.012 GC heap after
Heap after GC invocations=5 (full 0):
 PSYoungGen      total 71680K, used 5115K [0x00000007a0000000, 0x00000007a9500000, 0x00000007c0000000)
  eden space 66560K, 0% used [0x00000007a0000000,0x00000007a0000000,0x00000007a4100000)
  from space 5120K, 99% used [0x00000007a4100000,0x00000007a45feff0,0x00000007a4600000)
  to   space 9728K, 0% used [0x00000007a8b80000,0x00000007a8b80000,0x00000007a9500000)
 ParOldGen       total 87552K, used 7580K [0x0000000760000000, 0x0000000765580000, 0x00000007a0000000)
  object space 87552K, 8% used [0x0000000760000000,0x0000000760767060,0x0000000765580000)
 Metaspace       used 20724K, capacity 21150K, committed 21248K, reserved 1067008K
  class space    used 2855K, capacity 3020K, committed 3072K, reserved 1048576K
}
Event: 8.012 GC heap before
{Heap before GC invocations=6 (full 1):
 PSYoungGen      total 71680K, used 5115K [0x00000007a0000000, 0x00000007a9500000, 0x00000007c0000000)
  eden space 66560K, 0% used [0x00000007a0000000,0x00000007a0000000,0x00000007a4100000)
  from space 5120K, 99% used [0x00000007a4100000,0x00000007a45feff0,0x00000007a4600000)
  to   space 9728K, 0% used [0x00000007a8b80000,0x00000007a8b80000,0x00000007a9500000)
 ParOldGen       total 87552K, used 7580K [0x0000000760000000, 0x0000000765580000, 0x00000007a0000000)
  object space 87552K, 8% used [0x0000000760000000,0x0000000760767060,0x0000000765580000)
 Metaspace       used 20724K, capacity 21150K, committed 21248K, reserved 1067008K
  class space    used 2855K, capacity 3020K, committed 3072K, reserved 1048576K
Event: 8.108 GC heap after
Heap after GC invocations=6 (full 1):
 PSYoungGen      total 71680K, used 0K [0x00000007a0000000, 0x00000007a9500000, 0x00000007c0000000)
  eden space 66560K, 0% used [0x00000007a0000000,0x00000007a0000000,0x00000007a4100000)
  from space 5120K, 0% used [0x00000007a4100000,0x00000007a4100000,0x00000007a4600000)
  to   space 9728K, 0% used [0x00000007a8b80000,0x00000007a8b80000,0x00000007a9500000)
 ParOldGen       total 49152K, used 7680K [0x0000000760000000, 0x0000000763000000, 0x00000007a0000000)
  object space 49152K, 15% used [0x0000000760000000,0x00000007607801d8,0x0000000763000000)
 Metaspace       used 20724K, capacity 21150K, committed 21248K, reserved 1067008K
  class space    used 2855K, capacity 3020K, committed 3072K, reserved 1048576K
}
Event: 11.576 GC heap before
{Heap before GC invocations=7 (full 1):
 PSYoungGen      total 71680K, used 66560K [0x00000007a0000000, 0x00000007a9500000, 0x00000007c0000000)
  eden space 66560K, 100% used [0x00000007a0000000,0x00000007a4100000,0x00000007a4100000)
  from space 5120K, 0% used [0x00000007a4100000,0x00000007a4100000,0x00000007a4600000)
  to   space 9728K, 0% used [0x00000007a8b80000,0x00000007a8b80000,0x00000007a9500000)
 ParOldGen       total 49152K, used 7680K [0x0000000760000000, 0x0000000763000000, 0x00000007a0000000)
  object space 49152K, 15% used [0x0000000760000000,0x00000007607801d8,0x0000000763000000)
 Metaspace       used 25887K, capacity 26452K, committed 26624K, reserved 1073152K
  class space    used 3657K, capacity 3819K, committed 3840K, reserved 1048576K
Event: 11.591 GC heap after
Heap after GC invocations=7 (full 1):
 PSYoungGen      total 130560K, used 7111K [0x00000007a0000000, 0x00000007a9280000, 0x00000007c0000000)
  eden space 123392K, 0% used [0x00000007a0000000,0x00000007a0000000,0x00000007a7880000)
  from space 7168K, 99% used [0x00000007a8b80000,0x00000007a9271ca8,0x00000007a9280000)
  to   space 9728K, 0% used [0x00000007a7f80000,0x00000007a7f80000,0x00000007a8900000)
 ParOldGen       total 49152K, used 7688K [0x0000000760000000, 0x0000000763000000, 0x00000007a0000000)
  object space 49152K, 15% used [0x0000000760000000,0x00000007607821d8,0x0000000763000000)
 Metaspace       used 25887K, capacity 26452K, committed 26624K, reserved 1073152K
  class space    used 3657K, capacity 3819K, committed 3840K, reserved 1048576K
}

Deoptimization events (10 events):
Event: 11.464 Thread 0x00007ff9c3257800 Uncommon trap: reason=class_check action=maybe_recompile pc=0x0000000111c4a160 method=java.lang.reflect.Method.equals(Ljava/lang/Object;)Z @ 5
Event: 11.469 Thread 0x00007ff9c3257800 Uncommon trap: reason=class_check action=maybe_recompile pc=0x0000000111c4a160 method=java.lang.reflect.Method.equals(Ljava/lang/Object;)Z @ 5
Event: 11.760 Thread 0x00007ff9c3257800 Uncommon trap: reason=class_check action=maybe_recompile pc=0x0000000111c4a160 method=java.lang.reflect.Method.equals(Ljava/lang/Object;)Z @ 5
Event: 11.761 Thread 0x00007ff9c3257800 Uncommon trap: reason=class_check action=maybe_recompile pc=0x0000000111c4a160 method=java.lang.reflect.Method.equals(Ljava/lang/Object;)Z @ 5
Event: 11.870 Thread 0x00007ff9c3257800 Uncommon trap: reason=unstable_if action=reinterpret pc=0x0000000111d042fc method=java.net.URLClassLoader.isSealed(Ljava/lang/String;Ljava/util/jar/Manifest;)Z @ 26
Event: 11.870 Thread 0x00007ff9c3257800 Uncommon trap: reason=unstable_if action=reinterpret pc=0x0000000111cd2124 method=java.net.URLClassLoader.isSealed(Ljava/lang/String;Ljava/util/jar/Manifest;)Z @ 26
Event: 12.521 Thread 0x00007ff9c3257800 Uncommon trap: reason=unstable_if action=reinterpret pc=0x0000000111d9394c method=java.net.URI.match(CJJ)Z @ 45
Event: 12.856 Thread 0x00007ff9c31bd000 Uncommon trap: reason=unstable_if action=reinterpret pc=0x0000000111da4660 method=java.lang.Integer.getChars(II[C)V @ 20
Event: 13.122 Thread 0x00007ff9c3257800 Uncommon trap: reason=unstable_if action=reinterpret pc=0x0000000111e15ea8 method=com.sun.org.apache.xerces.internal.dom.ParentNode.nodeListGetLength()I @ 11
Event: 13.143 Thread 0x00007ff9c3257800 Uncommon trap: reason=unstable_if action=reinterpret pc=0x0000000111e124e8 method=com.sun.org.apache.xerces.internal.dom.ParentNode.nodeListGetLength()I @ 11

Internal exceptions (10 events):
Event: 12.083 Thread 0x00007ff9c3257800 Exception <a 'java/lang/ClassNotFoundException': org/gradle/api/plugins/ObjectConfigurationActionBeanInfo> (0x00000007a0e36b80) thrown at [/HUDSON3/workspace/8-2-build-macosx-x86_64/jdk8u73/6086/hotspot/src/share/vm/classfile/systemDictionary.cpp, line 21
Event: 12.088 Thread 0x00007ff9c3257800 Exception <a 'java/lang/ClassNotFoundException': org/gradle/api/plugins/ObjectConfigurationActionCustomizer> (0x00000007a0e4b7f8) thrown at [/HUDSON3/workspace/8-2-build-macosx-x86_64/jdk8u73/6086/hotspot/src/share/vm/classfile/systemDictionary.cpp, line 
Event: 12.231 Thread 0x00007ff9c3257800 Exception <a 'java/lang/ClassNotFoundException': JetGradlePluginBeanInfo> (0x00000007a1109ef0) thrown at [/HUDSON3/workspace/8-2-build-macosx-x86_64/jdk8u73/6086/hotspot/src/share/vm/classfile/systemDictionary.cpp, line 210]
Event: 12.232 Thread 0x00007ff9c3257800 Exception <a 'java/lang/ClassNotFoundException': JetGradlePluginCustomizer> (0x00000007a11144e0) thrown at [/HUDSON3/workspace/8-2-build-macosx-x86_64/jdk8u73/6086/hotspot/src/share/vm/classfile/systemDictionary.cpp, line 210]
Event: 12.235 Thread 0x00007ff9c3257800 Exception <a 'java/lang/ClassNotFoundException': org/gradle/tooling/provider/model/internal/DefaultToolingModelBuilderRegistryBeanInfo> (0x00000007a116a708) thrown at [/HUDSON3/workspace/8-2-build-macosx-x86_64/jdk8u73/6086/hotspot/src/share/vm/classfile/
Event: 12.237 Thread 0x00007ff9c3257800 Exception <a 'java/lang/ClassNotFoundException': org/gradle/tooling/provider/model/internal/DefaultToolingModelBuilderRegistryCustomizer> (0x00000007a11cd5d0) thrown at [/HUDSON3/workspace/8-2-build-macosx-x86_64/jdk8u73/6086/hotspot/src/share/vm/classfil
Event: 12.401 Thread 0x00007ff9c3257800 Exception <a 'java/lang/ClassNotFoundException': build_4uddkfy1k1o3kkqdizsw3rfftBeanInfo> (0x00000007a17301c0) thrown at [/HUDSON3/workspace/8-2-build-macosx-x86_64/jdk8u73/6086/hotspot/src/share/vm/classfile/systemDictionary.cpp, line 210]
Event: 12.402 Thread 0x00007ff9c3257800 Exception <a 'java/lang/ClassNotFoundException': org/gradle/api/internal/project/ProjectScriptBeanInfo> (0x00000007a1744370) thrown at [/HUDSON3/workspace/8-2-build-macosx-x86_64/jdk8u73/6086/hotspot/src/share/vm/classfile/systemDictionary.cpp, line 210]
Event: 12.402 Thread 0x00007ff9c3257800 Exception <a 'java/lang/ClassNotFoundException': org/gradle/api/internal/project/ProjectScriptCustomizer> (0x00000007a1758970) thrown at [/HUDSON3/workspace/8-2-build-macosx-x86_64/jdk8u73/6086/hotspot/src/share/vm/classfile/systemDictionary.cpp, line 210
Event: 12.403 Thread 0x00007ff9c3257800 Exception <a 'java/lang/ClassNotFoundException': build_4uddkfy1k1o3kkqdizsw3rfftCustomizer> (0x00000007a177a540) thrown at [/HUDSON3/workspace/8-2-build-macosx-x86_64/jdk8u73/6086/hotspot/src/share/vm/classfile/systemDictionary.cpp, line 210]

Events (10 events):
Event: 13.122 Thread 0x00007ff9c3257800 DEOPT UNPACKING pc=0x0000000111605229 sp=0x0000700001653e48 mode 2
Event: 13.125 Thread 0x00007ff9c3257800 DEOPT PACKING pc=0x0000000111e7059d sp=0x0000700001654740
Event: 13.125 Thread 0x00007ff9c3257800 DEOPT UNPACKING pc=0x0000000111647633 sp=0x0000700001654508 mode 0
Event: 13.131 Thread 0x00007ff9c3257800 DEOPT PACKING pc=0x0000000111e7059d sp=0x0000700001654650
Event: 13.131 Thread 0x00007ff9c3257800 DEOPT UNPACKING pc=0x0000000111647633 sp=0x0000700001654418 mode 0
Event: 13.133 Thread 0x00007ff9c3257800 DEOPT PACKING pc=0x0000000111e7059d sp=0x0000700001654560
Event: 13.133 Thread 0x00007ff9c3257800 DEOPT UNPACKING pc=0x0000000111647633 sp=0x0000700001654328 mode 0
Event: 13.143 Thread 0x00007ff9c3257800 Uncommon trap: trap_request=0xffffff65 fr.pc=0x0000000111e124e8
Event: 13.143 Thread 0x00007ff9c3257800 DEOPT PACKING pc=0x0000000111e124e8 sp=0x0000700001654c90
Event: 13.143 Thread 0x00007ff9c3257800 DEOPT UNPACKING pc=0x0000000111605229 sp=0x0000700001654c40 mode 2


Dynamic libraries:
0x0000000008f68000 	/System/Library/Frameworks/Cocoa.framework/Versions/A/Cocoa
0x0000000008f68000 	/System/Library/Frameworks/Security.framework/Versions/A/Security
0x0000000008f68000 	/System/Library/Frameworks/ApplicationServices.framework/Versions/A/ApplicationServices
0x0000000008f68000 	/usr/lib/libz.1.dylib
0x0000000008f68000 	/usr/lib/libSystem.B.dylib
0x0000000008f68000 	/usr/lib/libobjc.A.dylib
0x0000000008f68000 	/System/Library/Frameworks/CoreFoundation.framework/Versions/A/CoreFoundation
0x0000000008f68000 	/System/Library/Frameworks/Foundation.framework/Versions/C/Foundation
0x0000000008f68000 	/System/Library/Frameworks/AppKit.framework/Versions/C/AppKit
0x0000000008f68000 	/System/Library/Frameworks/CoreData.framework/Versions/A/CoreData
0x0000000008f68000 	/System/Library/PrivateFrameworks/RemoteViewServices.framework/Versions/A/RemoteViewServices
0x0000000008f68000 	/System/Library/PrivateFrameworks/UIFoundation.framework/Versions/A/UIFoundation
0x0000000008f68000 	/usr/lib/libScreenReader.dylib
0x0000000008f68000 	/System/Library/Frameworks/Accelerate.framework/Versions/A/Accelerate
0x0000000008f68000 	/System/Library/Frameworks/IOSurface.framework/Versions/A/IOSurface
0x0000000008f68000 	/System/Library/Frameworks/AudioToolbox.framework/Versions/A/AudioToolbox
0x0000000008f68000 	/System/Library/Frameworks/AudioUnit.framework/Versions/A/AudioUnit
0x0000000008f68000 	/System/Library/PrivateFrameworks/DataDetectorsCore.framework/Versions/A/DataDetectorsCore
0x0000000008f68000 	/System/Library/PrivateFrameworks/DesktopServicesPriv.framework/Versions/A/DesktopServicesPriv
0x0000000008f68000 	/System/Library/Frameworks/Carbon.framework/Versions/A/Frameworks/HIToolbox.framework/Versions/A/HIToolbox
0x0000000008f68000 	/System/Library/Frameworks/QuartzCore.framework/Versions/A/QuartzCore
0x0000000008f68000 	/System/Library/Frameworks/Carbon.framework/Versions/A/Frameworks/SpeechRecognition.framework/Versions/A/SpeechRecognition
0x0000000008f68000 	/usr/lib/libauto.dylib
0x0000000008f68000 	/usr/lib/libicucore.A.dylib
0x0000000008f68000 	/usr/lib/libxml2.2.dylib
0x0000000008f68000 	/System/Library/PrivateFrameworks/CoreUI.framework/Versions/A/CoreUI
0x0000000008f68000 	/System/Library/Frameworks/CoreAudio.framework/Versions/A/CoreAudio
0x0000000008f68000 	/System/Library/Frameworks/DiskArbitration.framework/Versions/A/DiskArbitration
0x0000000008f68000 	/usr/lib/liblangid.dylib
0x0000000008f68000 	/System/Library/PrivateFrameworks/MultitouchSupport.framework/Versions/A/MultitouchSupport
0x0000000008f68000 	/System/Library/Frameworks/IOKit.framework/Versions/A/IOKit
0x0000000008f68000 	/usr/lib/libDiagnosticMessagesClient.dylib
0x0000000008f68000 	/System/Library/Frameworks/CoreServices.framework/Versions/A/CoreServices
0x0000000008f68000 	/System/Library/PrivateFrameworks/PerformanceAnalysis.framework/Versions/A/PerformanceAnalysis
0x0000000008f68000 	/System/Library/PrivateFrameworks/GenerationalStorage.framework/Versions/A/GenerationalStorage
0x0000000008f68000 	/System/Library/Frameworks/OpenGL.framework/Versions/A/OpenGL
0x0000000008f68000 	/System/Library/PrivateFrameworks/Sharing.framework/Versions/A/Sharing
0x0000000008f68000 	/System/Library/Frameworks/CoreGraphics.framework/Versions/A/CoreGraphics
0x0000000008f68000 	/System/Library/Frameworks/CoreImage.framework/Versions/A/CoreImage
0x0000000008f68000 	/System/Library/Frameworks/CoreText.framework/Versions/A/CoreText
0x0000000008f68000 	/System/Library/Frameworks/ImageIO.framework/Versions/A/ImageIO
0x0000000008f68000 	/System/Library/PrivateFrameworks/Backup.framework/Versions/A/Backup
0x0000000008f68000 	/usr/lib/libextension.dylib
0x0000000008f68000 	/usr/lib/libarchive.2.dylib
0x0000000008f68000 	/System/Library/Frameworks/CFNetwork.framework/Versions/A/CFNetwork
0x0000000008f68000 	/System/Library/Frameworks/SystemConfiguration.framework/Versions/A/SystemConfiguration
0x0000000008f68000 	/usr/lib/libCRFSuite.dylib
0x0000000008f68000 	/usr/lib/libc++.1.dylib
0x0000000008f68000 	/usr/lib/libc++abi.dylib
0x0000000008f68000 	/usr/lib/system/libcache.dylib
0x0000000008f68000 	/usr/lib/system/libcommonCrypto.dylib
0x0000000008f68000 	/usr/lib/system/libcompiler_rt.dylib
0x0000000008f68000 	/usr/lib/system/libcopyfile.dylib
0x0000000008f68000 	/usr/lib/system/libcorecrypto.dylib
0x0000000008f68000 	/usr/lib/system/libdispatch.dylib
0x0000000008f68000 	/usr/lib/system/libdyld.dylib
0x0000000008f68000 	/usr/lib/system/libkeymgr.dylib
0x0000000008f68000 	/usr/lib/system/liblaunch.dylib
0x0000000008f68000 	/usr/lib/system/libmacho.dylib
0x0000000008f68000 	/usr/lib/system/libquarantine.dylib
0x0000000008f68000 	/usr/lib/system/libremovefile.dylib
0x0000000008f68000 	/usr/lib/system/libsystem_asl.dylib
0x0000000008f68000 	/usr/lib/system/libsystem_blocks.dylib
0x0000000008f68000 	/usr/lib/system/libsystem_c.dylib
0x0000000008f68000 	/usr/lib/system/libsystem_configuration.dylib
0x0000000008f68000 	/usr/lib/system/libsystem_coreservices.dylib
0x0000000008f68000 	/usr/lib/system/libsystem_coretls.dylib
0x0000000008f68000 	/usr/lib/system/libsystem_dnssd.dylib
0x0000000008f68000 	/usr/lib/system/libsystem_info.dylib
0x0000000008f68000 	/usr/lib/system/libsystem_kernel.dylib
0x0000000008f68000 	/usr/lib/system/libsystem_m.dylib
0x0000000008f68000 	/usr/lib/system/libsystem_malloc.dylib
0x0000000008f68000 	/usr/lib/system/libsystem_network.dylib
0x0000000008f68000 	/usr/lib/system/libsystem_networkextension.dylib
0x0000000008f68000 	/usr/lib/system/libsystem_notify.dylib
0x0000000008f68000 	/usr/lib/system/libsystem_platform.dylib
0x0000000008f68000 	/usr/lib/system/libsystem_pthread.dylib
0x0000000008f68000 	/usr/lib/system/libsystem_sandbox.dylib
0x0000000008f68000 	/usr/lib/system/libsystem_secinit.dylib
0x0000000008f68000 	/usr/lib/system/libsystem_trace.dylib
0x0000000008f68000 	/usr/lib/system/libunc.dylib
0x0000000008f68000 	/usr/lib/system/libunwind.dylib
0x0000000008f68000 	/usr/lib/system/libxpc.dylib
0x0000000008f68000 	/usr/lib/libenergytrace.dylib
0x0000000008f68000 	/usr/lib/libbsm.0.dylib
0x0000000008f68000 	/usr/lib/system/libkxld.dylib
0x0000000008f68000 	/usr/lib/libxar.1.dylib
0x0000000008f68000 	/usr/lib/libsqlite3.dylib
0x0000000008f68000 	/usr/lib/libpam.2.dylib
0x0000000008f68000 	/usr/lib/libOpenScriptingUtil.dylib
0x0000000008f68000 	/usr/lib/libbz2.1.0.dylib
0x0000000008f68000 	/usr/lib/liblzma.5.dylib
0x0000000008f68000 	/System/Library/Frameworks/CoreServices.framework/Versions/A/Frameworks/FSEvents.framework/Versions/A/FSEvents
0x0000000008f68000 	/System/Library/Frameworks/CoreServices.framework/Versions/A/Frameworks/CarbonCore.framework/Versions/A/CarbonCore
0x0000000008f68000 	/System/Library/Frameworks/CoreServices.framework/Versions/A/Frameworks/Metadata.framework/Versions/A/Metadata
0x0000000008f68000 	/System/Library/Frameworks/CoreServices.framework/Versions/A/Frameworks/OSServices.framework/Versions/A/OSServices
0x0000000008f68000 	/System/Library/Frameworks/CoreServices.framework/Versions/A/Frameworks/SearchKit.framework/Versions/A/SearchKit
0x0000000008f68000 	/System/Library/Frameworks/CoreServices.framework/Versions/A/Frameworks/AE.framework/Versions/A/AE
0x0000000008f68000 	/System/Library/Frameworks/CoreServices.framework/Versions/A/Frameworks/LaunchServices.framework/Versions/A/LaunchServices
0x0000000008f68000 	/System/Library/Frameworks/CoreServices.framework/Versions/A/Frameworks/DictionaryServices.framework/Versions/A/DictionaryServices
0x0000000008f68000 	/System/Library/Frameworks/CoreServices.framework/Versions/A/Frameworks/SharedFileList.framework/Versions/A/SharedFileList
0x0000000008f68000 	/System/Library/Frameworks/NetFS.framework/Versions/A/NetFS
0x0000000008f68000 	/System/Library/PrivateFrameworks/NetAuth.framework/Versions/A/NetAuth
0x0000000008f68000 	/System/Library/PrivateFrameworks/login.framework/Versions/A/Frameworks/loginsupport.framework/Versions/A/loginsupport
0x0000000008f68000 	/System/Library/PrivateFrameworks/TCC.framework/Versions/A/TCC
0x0000000008f68000 	/usr/lib/libmecabra.dylib
0x0000000008f68000 	/System/Library/Frameworks/ApplicationServices.framework/Versions/A/Frameworks/ATS.framework/Versions/A/ATS
0x0000000008f68000 	/System/Library/Frameworks/ApplicationServices.framework/Versions/A/Frameworks/ColorSync.framework/Versions/A/ColorSync
0x0000000008f68000 	/System/Library/Frameworks/ApplicationServices.framework/Versions/A/Frameworks/HIServices.framework/Versions/A/HIServices
0x0000000008f68000 	/System/Library/Frameworks/ApplicationServices.framework/Versions/A/Frameworks/LangAnalysis.framework/Versions/A/LangAnalysis
0x0000000008f68000 	/System/Library/Frameworks/ApplicationServices.framework/Versions/A/Frameworks/PrintCore.framework/Versions/A/PrintCore
0x0000000008f68000 	/System/Library/Frameworks/ApplicationServices.framework/Versions/A/Frameworks/QD.framework/Versions/A/QD
0x0000000008f68000 	/System/Library/Frameworks/ApplicationServices.framework/Versions/A/Frameworks/SpeechSynthesis.framework/Versions/A/SpeechSynthesis
0x0000000008f68000 	/System/Library/Frameworks/Metal.framework/Versions/A/Metal
0x0000000008f68000 	/System/Library/Frameworks/Accelerate.framework/Versions/A/Frameworks/vImage.framework/Versions/A/vImage
0x0000000008f68000 	/System/Library/Frameworks/Accelerate.framework/Versions/A/Frameworks/vecLib.framework/Versions/A/vecLib
0x0000000008f68000 	/System/Library/Frameworks/Accelerate.framework/Versions/A/Frameworks/vecLib.framework/Versions/A/libvDSP.dylib
0x0000000008f68000 	/System/Library/Frameworks/Accelerate.framework/Versions/A/Frameworks/vecLib.framework/Versions/A/libvMisc.dylib
0x0000000008f68000 	/System/Library/Frameworks/Accelerate.framework/Versions/A/Frameworks/vecLib.framework/Versions/A/libLAPACK.dylib
0x0000000008f68000 	/System/Library/Frameworks/Accelerate.framework/Versions/A/Frameworks/vecLib.framework/Versions/A/libBLAS.dylib
0x0000000008f68000 	/System/Library/Frameworks/Accelerate.framework/Versions/A/Frameworks/vecLib.framework/Versions/A/libLinearAlgebra.dylib
0x0000000008f68000 	/System/Library/Frameworks/Accelerate.framework/Versions/A/Frameworks/vecLib.framework/Versions/A/libSparseBLAS.dylib
0x0000000008f68000 	/System/Library/PrivateFrameworks/GPUCompiler.framework/libmetal_timestamp.dylib
0x0000000008f68000 	/System/Library/Frameworks/OpenGL.framework/Versions/A/Libraries/libCoreFSCache.dylib
0x0000000008f68000 	/System/Library/PrivateFrameworks/IOAccelerator.framework/Versions/A/IOAccelerator
0x0000000008f68000 	/System/Library/Frameworks/ApplicationServices.framework/Versions/A/Frameworks/ATS.framework/Versions/A/Resources/libFontParser.dylib
0x0000000008f68000 	/System/Library/Frameworks/ApplicationServices.framework/Versions/A/Frameworks/ATS.framework/Versions/A/Resources/libFontRegistry.dylib
0x0000000008f68000 	/System/Library/PrivateFrameworks/AppleVPA.framework/Versions/A/AppleVPA
0x0000000008f68000 	/System/Library/PrivateFrameworks/AppleJPEG.framework/Versions/A/AppleJPEG
0x0000000008f68000 	/System/Library/Frameworks/ImageIO.framework/Versions/A/Resources/libJPEG.dylib
0x0000000008f68000 	/System/Library/Frameworks/ImageIO.framework/Versions/A/Resources/libTIFF.dylib
0x0000000008f68000 	/System/Library/Frameworks/ImageIO.framework/Versions/A/Resources/libPng.dylib
0x0000000008f68000 	/System/Library/Frameworks/ImageIO.framework/Versions/A/Resources/libGIF.dylib
0x0000000008f68000 	/System/Library/Frameworks/ImageIO.framework/Versions/A/Resources/libJP2.dylib
0x0000000008f68000 	/System/Library/Frameworks/ImageIO.framework/Versions/A/Resources/libRadiance.dylib
0x0000000008f68000 	/System/Library/Frameworks/CoreVideo.framework/Versions/A/CoreVideo
0x0000000008f68000 	/System/Library/Frameworks/OpenGL.framework/Versions/A/Libraries/libGLU.dylib
0x0000000008f68000 	/System/Library/Frameworks/OpenGL.framework/Versions/A/Libraries/libGFXShared.dylib
0x0000000008f68000 	/System/Library/Frameworks/OpenGL.framework/Versions/A/Libraries/libGL.dylib
0x0000000008f68000 	/System/Library/Frameworks/OpenGL.framework/Versions/A/Libraries/libGLImage.dylib
0x0000000008f68000 	/System/Library/Frameworks/OpenGL.framework/Versions/A/Libraries/libCVMSPluginSupport.dylib
0x0000000008f68000 	/System/Library/Frameworks/OpenGL.framework/Versions/A/Libraries/libCoreVMClient.dylib
0x0000000008f68000 	/usr/lib/libcups.2.dylib
0x0000000008f68000 	/System/Library/Frameworks/Kerberos.framework/Versions/A/Kerberos
0x0000000008f68000 	/System/Library/Frameworks/GSS.framework/Versions/A/GSS
0x0000000008f68000 	/usr/lib/libresolv.9.dylib
0x0000000008f68000 	/usr/lib/libiconv.2.dylib
0x0000000008f68000 	/System/Library/PrivateFrameworks/Heimdal.framework/Versions/A/Heimdal
0x0000000008f68000 	/usr/lib/libheimdal-asn1.dylib
0x0000000008f68000 	/System/Library/Frameworks/OpenDirectory.framework/Versions/A/OpenDirectory
0x0000000008f68000 	/System/Library/PrivateFrameworks/CommonAuth.framework/Versions/A/CommonAuth
0x0000000008f68000 	/System/Library/Frameworks/OpenDirectory.framework/Versions/A/Frameworks/CFOpenDirectory.framework/Versions/A/CFOpenDirectory
0x0000000008f68000 	/System/Library/Frameworks/SecurityFoundation.framework/Versions/A/SecurityFoundation
0x0000000008f68000 	/System/Library/PrivateFrameworks/LanguageModeling.framework/Versions/A/LanguageModeling
0x0000000008f68000 	/usr/lib/libmarisa.dylib
0x0000000008f68000 	/usr/lib/libChineseTokenizer.dylib
0x0000000008f68000 	/usr/lib/libcmph.dylib
0x0000000008f68000 	/usr/lib/libcompression.dylib
0x0000000008f68000 	/System/Library/Frameworks/ServiceManagement.framework/Versions/A/ServiceManagement
0x0000000008f68000 	/usr/lib/libxslt.1.dylib
0x0000000008f68000 	/System/Library/Frameworks/Carbon.framework/Versions/A/Frameworks/Ink.framework/Versions/A/Ink
0x0000000008f68000 	/usr/lib/libFosl_dynamic.dylib
0x0000000008f68000 	/System/Library/PrivateFrameworks/FaceCore.framework/Versions/A/FaceCore
0x0000000008f68000 	/System/Library/Frameworks/OpenCL.framework/Versions/A/OpenCL
0x0000000008f68000 	/System/Library/PrivateFrameworks/CrashReporterSupport.framework/Versions/A/CrashReporterSupport
0x0000000008f68000 	/System/Library/PrivateFrameworks/IconServices.framework/Versions/A/IconServices
0x0000000008f68000 	/System/Library/PrivateFrameworks/Apple80211.framework/Versions/A/Apple80211
0x0000000008f68000 	/System/Library/Frameworks/CoreWLAN.framework/Versions/A/CoreWLAN
0x0000000008f68000 	/System/Library/Frameworks/IOBluetooth.framework/Versions/A/IOBluetooth
0x0000000008f68000 	/System/Library/PrivateFrameworks/CoreWiFi.framework/Versions/A/CoreWiFi
0x0000000008f68000 	/System/Library/Frameworks/CoreBluetooth.framework/Versions/A/CoreBluetooth
0x0000000008f68000 	/System/Library/PrivateFrameworks/ChunkingLibrary.framework/Versions/A/ChunkingLibrary
0x0000000008f68000 	/System/Library/PrivateFrameworks/DebugSymbols.framework/Versions/A/DebugSymbols
0x0000000008f68000 	/System/Library/PrivateFrameworks/CoreSymbolication.framework/Versions/A/CoreSymbolication
0x0000000008f68000 	/System/Library/PrivateFrameworks/Symbolication.framework/Versions/A/Symbolication
0x0000000008f68000 	/System/Library/PrivateFrameworks/SpeechRecognitionCore.framework/Versions/A/SpeechRecognitionCore
0x000000010fd88000 	/System/Library/CoreServices/Encodings/libSimplifiedChineseConverter.dylib
0x000000010fdcc000 	/Library/Java/JavaVirtualMachines/jdk1.8.0_73.jdk/Contents/Home/jre/lib/server/libjvm.dylib
0x0000000008f68000 	/usr/lib/libstdc++.6.dylib
0x0000000110d5d000 	/Library/Java/JavaVirtualMachines/jdk1.8.0_73.jdk/Contents/Home/jre/lib/libverify.dylib
0x0000000110d6b000 	/Library/Java/JavaVirtualMachines/jdk1.8.0_73.jdk/Contents/Home/jre/lib/libjava.dylib
0x0000000110daa000 	/Library/Java/JavaVirtualMachines/jdk1.8.0_73.jdk/Contents/Home/jre/lib/libzip.dylib
0x0000000125c67000 	/System/Library/Frameworks/JavaVM.framework/Frameworks/JavaRuntimeSupport.framework/JavaRuntimeSupport
0x0000000125c82000 	/System/Library/Frameworks/JavaVM.framework/Versions/A/Frameworks/JavaNativeFoundation.framework/Versions/A/JavaNativeFoundation
0x0000000125c97000 	/System/Library/Frameworks/JavaVM.framework/Versions/A/JavaVM
0x0000000008f68000 	/System/Library/Frameworks/Carbon.framework/Versions/A/Carbon
0x0000000125ca4000 	/System/Library/PrivateFrameworks/JavaLaunching.framework/Versions/A/JavaLaunching
0x0000000008f68000 	/System/Library/Frameworks/Carbon.framework/Versions/A/Frameworks/CommonPanels.framework/Versions/A/CommonPanels
0x0000000008f68000 	/System/Library/Frameworks/Carbon.framework/Versions/A/Frameworks/Help.framework/Versions/A/Help
0x0000000008f68000 	/System/Library/Frameworks/Carbon.framework/Versions/A/Frameworks/ImageCapture.framework/Versions/A/ImageCapture
0x0000000008f68000 	/System/Library/Frameworks/Carbon.framework/Versions/A/Frameworks/OpenScripting.framework/Versions/A/OpenScripting
0x0000000008f68000 	/System/Library/Frameworks/Carbon.framework/Versions/A/Frameworks/Print.framework/Versions/A/Print
0x0000000008f68000 	/System/Library/Frameworks/Carbon.framework/Versions/A/Frameworks/SecurityHI.framework/Versions/A/SecurityHI
0x0000000127d24000 	/Library/Java/JavaVirtualMachines/jdk1.8.0_73.jdk/Contents/Home/jre/lib/libnet.dylib
0x0000000127d83000 	/Library/Java/JavaVirtualMachines/jdk1.8.0_73.jdk/Contents/Home/jre/lib/libnio.dylib
0x0000000127d93000 	/Users/enritami/.gradle/native/23/osx-amd64/libnative-platform.dylib
0x0000000128043000 	/Library/Java/JavaVirtualMachines/jdk1.8.0_73.jdk/Contents/Home/jre/lib/libmanagement.dylib

VM Arguments:
jvm_args: -Xmx1536m -Dfile.encoding=UTF-8 -Duser.country=CN -Duser.language=zh -Duser.variant 
java_command: org.gradle.launcher.daemon.bootstrap.GradleDaemon 3.3
java_class_path (initial): /Users/enritami/.gradle/wrapper/dists/gradle-3.3-all/55gk2rcmfc6p2dg9u9ohc3hw9/gradle-3.3/lib/gradle-launcher-3.3.jar
Launcher Type: SUN_STANDARD

Environment Variables:
PATH=/usr/bin:/bin:/usr/sbin:/sbin
SHELL=/bin/bash

Signal Handlers:
SIGSEGV: [libjvm.dylib+0x5a71a5], sa_mask[0]=11111111011111110111111111111111, sa_flags=SA_ONSTACK|SA_RESTART|SA_SIGINFO
SIGBUS: [libjvm.dylib+0x5a71a5], sa_mask[0]=11111111011111110111111111111111, sa_flags=SA_RESTART|SA_SIGINFO
SIGFPE: [libjvm.dylib+0x480eb4], sa_mask[0]=11111111011111110111111111111111, sa_flags=SA_RESTART|SA_SIGINFO
SIGPIPE: [libjvm.dylib+0x480eb4], sa_mask[0]=11111111011111110111111111111111, sa_flags=SA_RESTART|SA_SIGINFO
SIGXFSZ: [libjvm.dylib+0x480eb4], sa_mask[0]=11111111011111110111111111111111, sa_flags=SA_RESTART|SA_SIGINFO
SIGILL: [libjvm.dylib+0x480eb4], sa_mask[0]=11111111011111110111111111111111, sa_flags=SA_RESTART|SA_SIGINFO
SIGUSR1: SIG_DFL, sa_mask[0]=00000000000000000000000000000000, sa_flags=none
SIGUSR2: [libjvm.dylib+0x4809d2], sa_mask[0]=00100000000000000000000000000000, sa_flags=SA_RESTART|SA_SIGINFO
SIGHUP: [libjvm.dylib+0x47efa9], sa_mask[0]=11111111011111110111111111111111, sa_flags=SA_RESTART|SA_SIGINFO
SIGINT: [libjvm.dylib+0x47efa9], sa_mask[0]=11111111011111110111111111111111, sa_flags=SA_RESTART|SA_SIGINFO
SIGTERM: [libjvm.dylib+0x47efa9], sa_mask[0]=11111111011111110111111111111111, sa_flags=SA_RESTART|SA_SIGINFO
SIGQUIT: [libjvm.dylib+0x47efa9], sa_mask[0]=11111111011111110111111111111111, sa_flags=SA_RESTART|SA_SIGINFO


---------------  S Y S T E M  ---------------

OS:Bsduname:Darwin 15.4.0 Darwin Kernel Version 15.4.0: Fri Feb 26 22:08:05 PST 2016; root:xnu-3248.40.184~3/RELEASE_X86_64 x86_64
rlimit: STACK 8192k, CORE 0k, NPROC 709, NOFILE 10240, AS infinity
load average:7.94 8.42 5.72

CPU:total 4 (2 cores per cpu, 2 threads per core) family 6 model 42 stepping 7, cmov, cx8, fxsr, mmx, sse, sse2, sse3, ssse3, sse4.1, sse4.2, popcnt, avx, aes, clmul, ht, tsc, tscinvbit

Memory: 4k page, physical 8388608k(16816k free)

/proc/meminfo:


vm_info: Java HotSpot(TM) 64-Bit Server VM (25.73-b02) for bsd-amd64 JRE (1.8.0_73-b02), built on Jan 29 2016 15:02:00 by "java_re" with gcc 4.2.1 (Based on Apple Inc. build 5658) (LLVM build 2336.11.00)

time: Thu Jun  8 15:52:22 2017
elapsed time: 13 seconds (0d 0h 0m 13s)

